SF:common/base-url.js
FNF:0
FNH:0
BRF:0
BRH:0
DA:1,122
DA:2,1
DA:3,122
DA:4,1
LH:4
LF:4
end_of_record
SF:common/kv.js
FNF:0
FNH:0
BRF:0
BRH:0
DA:1,183
DA:2,1
DA:3,183
DA:4,1
DA:5,183
DA:6,1
LH:6
LF:6
end_of_record
SF:years/2015/01/1/solution.js
FNF:0
FNH:0
BRF:0
BRH:0
DA:1,2
DA:2,1
DA:3,2
DA:4,1
DA:5,2
DA:6,1
LH:6
LF:6
end_of_record
SF:years/2015/01/2/solution.js
FNF:0
FNH:0
BRF:0
BRH:0
DA:1,2
DA:2,1
DA:3,2
DA:4,2
DA:5,1
DA:6,2
DA:7,1
DA:8,2
DA:9,2
DA:10,1
DA:11,2
DA:12,2
DA:13,2
DA:14,2
DA:15,2
DA:16,1
LH:16
LF:16
end_of_record
SF:years/2015/01/_common/instructions.js
FNF:0
FNH:0
BRF:0
BRH:0
DA:1,6
DA:2,1
DA:3,6
DA:4,1
DA:5,6
DA:6,1
DA:7,6
DA:8,1
LH:8
LF:8
end_of_record
SF:years/2015/02/1/solution.js
FNF:0
FNH:0
BRF:0
BRH:0
DA:1,2
DA:2,2
DA:3,2
DA:4,1
DA:5,2
DA:6,2
DA:7,2
DA:8,1002
DA:9,1002
DA:10,1002
DA:11,1002
DA:12,1002
DA:13,1
DA:14,1002
DA:15,1
DA:16,1002
DA:17,1002
DA:18,1002
DA:19,1002
DA:20,1002
DA:21,1002
DA:22,1002
DA:23,1002
DA:24,2
DA:25,2
DA:26,1
DA:27,2
DA:28,1
LH:28
LF:28
end_of_record
SF:years/2015/02/2/solution.js
FNF:0
FNH:0
BRF:0
BRH:0
DA:1,2
DA:2,2
DA:3,1
DA:4,2
DA:5,2
DA:6,2
DA:7,1002
DA:8,1002
DA:9,1002
DA:10,1002
DA:11,1002
DA:12,1
DA:13,1002
DA:14,1
DA:15,1002
DA:16,1002
DA:17,1002
DA:18,1002
DA:19,2
DA:20,2
DA:21,1
DA:22,2
DA:23,1
LH:23
LF:23
end_of_record
SF:years/2015/02/_common/presents.js
FNF:0
FNH:0
BRF:0
BRH:0
DA:1,6
DA:2,1
DA:3,6
DA:4,1
DA:5,6
DA:6,6
DA:7,6
DA:8,6
DA:9,2006
DA:10,1
DA:11,2006
DA:12,2006
DA:13,2006
DA:14,2006
DA:15,2006
DA:16,6
DA:17,1
DA:18,6
DA:19,1
LH:19
LF:19
end_of_record
SF:years/2015/03/1/solution.js
FNF:0
FNH:0
BRF:0
BRH:0
DA:1,2
DA:2,1
DA:3,2
DA:4,1
DA:5,2
DA:6,1
DA:7,2
DA:8,2
DA:9,2
DA:10,2
DA:11,2
DA:12,2
DA:13,2
DA:14,2
DA:15,2
DA:16,2
DA:17,2
DA:18,2
DA:19,2
DA:20,2
DA:21,1
DA:22,2
DA:23,2
DA:24,1
DA:25,2
DA:26,2
DA:27,1
DA:28,2
DA:29,1
LH:29
LF:29
end_of_record
SF:years/2015/03/2/solution.js
FN:15,deliverPresents
FNDA:2,deliverPresents
FNF:1
FNH:1
BRDA:20,3,0,8192
BRDA:22,3,1,2042
BRDA:25,3,2,2068
BRDA:28,3,3,2007
BRDA:31,3,4,2075
BRF:5
BRH:5
DA:1,2
DA:2,1
DA:3,2
DA:4,2
DA:5,2
DA:6,2
DA:7,2
DA:8,2
DA:9,2
DA:10,1
DA:11,1
DA:12,1
DA:13,1
DA:14,1
DA:15,2
DA:16,4
DA:17,1
DA:18,4
DA:19,1
DA:20,4
DA:21,8196
DA:22,8196
DA:23,10238
DA:24,10238
DA:25,8196
DA:26,10264
DA:27,10264
DA:28,8196
DA:29,10203
DA:30,10203
DA:31,8196
DA:32,10271
DA:33,10271
DA:34,1
DA:35,8196
DA:36,8196
DA:37,1
DA:38,8196
DA:39,8196
DA:40,1
DA:41,4
DA:42,2
DA:43,1
DA:44,2
DA:45,2
DA:46,2
DA:47,1
LH:47
LF:47
end_of_record
SF:years/2015/03/_common/instructions.js
FNF:0
FNH:0
BRDA:12,1,0,4136
BRDA:14,1,1,4014
BRDA:16,1,2,4150
BRDA:18,1,3,4084
BRDA:22,1,4,0
BRF:5
BRH:4
DA:1,6
DA:2,1
DA:3,6
DA:4,1
DA:5,6
DA:6,6
DA:7,6
DA:8,6
DA:9,6
DA:10,6
DA:11,16390
DA:12,16390
DA:13,20526
DA:14,16390
DA:15,20404
DA:16,16390
DA:17,20540
DA:18,16390
DA:19,20474
DA:20,1
DA:21,16390
DA:22,16390
DA:23,1
DA:24,0
DA:25,0
DA:26,6
DA:27,1
DA:28,6
DA:29,1
LH:27
LF:29
end_of_record
SF:years/2015/04/1/solution.js
FNF:0
FNH:0
BRF:0
BRH:0
DA:1,2
DA:2,2
DA:3,1
DA:4,2
DA:5,1
DA:6,2
DA:7,1
LH:7
LF:7
end_of_record
SF:years/2015/04/2/solution.js
FNF:0
FNH:0
BRF:0
BRH:0
DA:1,2
DA:2,2
DA:3,1
DA:4,2
DA:5,1
DA:6,2
DA:7,1
LH:7
LF:7
end_of_record
SF:years/2015/04/_common/key.js
FNF:0
FNH:0
BRF:0
BRH:0
DA:1,6
DA:2,1
DA:3,6
DA:4,1
DA:5,6
DA:6,1
DA:7,6
DA:8,1
LH:8
LF:8
end_of_record
SF:years/2015/04/_common/mine.js
FN:11,mine
FNDA:2,mine
FNF:1
FNH:1
BRDA:20,1,0,4055984
BRDA:27,1,1,11
BRDA:33,1,2,27051733
BRDA:42,1,3,2
BRF:4
BRH:4
DA:1,4
DA:2,1
DA:3,4
DA:4,4
DA:5,1
DA:6,1
DA:7,1
DA:8,1
DA:9,1
DA:10,1
DA:11,4
DA:12,6
DA:13,6
DA:14,6
DA:15,6
DA:16,6
DA:17,1
DA:18,6
DA:19,1
DA:20,6
DA:21,4055990
DA:22,1
DA:23,4055990
DA:24,1
DA:25,4055990
DA:26,1
DA:27,4055990
DA:28,4056001
DA:29,1
DA:30,4056001
DA:31,4056001
DA:32,1
DA:33,4055990
DA:34,31107723
DA:35,31107723
DA:36,31107723
DA:37,31107723
DA:38,1
DA:39,4055990
DA:40,4055990
DA:41,1
DA:42,4055990
DA:43,4055992
DA:44,4055992
DA:45,4055990
DA:46,4
DA:47,1
DA:48,4
DA:49,1
LH:49
LF:49
end_of_record
SF:years/2015/04/_common/mine/_exports.js
FNF:0
FNH:0
BRF:0
BRH:0
DA:1,4
DA:2,1
LH:2
LF:2
end_of_record
SF:years/2015/04/_common/mine/md5.js
FN:130,rotateLeft32
FN:136,loadWords
FN:145,processBlock
FN:194,md5
FNDA:259582976,rotateLeft32
FNDA:4055984,loadWords
FNDA:4055984,processBlock
FNDA:4055984,md5
FNF:4
FNH:4
BRDA:91,1,0,32
BRDA:93,1,1,32
BRDA:95,1,2,32
BRDA:97,1,3,32
BRDA:137,4,0,64895744
BRDA:159,5,0,259582976
BRDA:164,5,1,64895744
BRDA:167,5,2,64895744
BRDA:170,5,3,64895744
BRDA:173,5,4,64895744
BRF:10
BRH:10
DA:1,1
DA:2,1
DA:3,1
DA:4,1
DA:5,4
DA:6,4
DA:7,1
DA:8,4
DA:9,4
DA:10,4
DA:11,4
DA:12,1
DA:13,4
DA:14,4
DA:15,4
DA:16,4
DA:17,4
DA:18,4
DA:19,1
DA:20,4
DA:21,4
DA:22,4
DA:23,4
DA:24,4
DA:25,4
DA:26,4
DA:27,4
DA:28,4
DA:29,4
DA:30,4
DA:31,4
DA:32,4
DA:33,4
DA:34,4
DA:35,4
DA:36,4
DA:37,4
DA:38,4
DA:39,4
DA:40,4
DA:41,4
DA:42,4
DA:43,4
DA:44,4
DA:45,4
DA:46,4
DA:47,4
DA:48,4
DA:49,4
DA:50,4
DA:51,4
DA:52,4
DA:53,4
DA:54,4
DA:55,4
DA:56,4
DA:57,4
DA:58,4
DA:59,4
DA:60,4
DA:61,4
DA:62,4
DA:63,4
DA:64,4
DA:65,4
DA:66,4
DA:67,4
DA:68,4
DA:69,4
DA:70,4
DA:71,4
DA:72,4
DA:73,4
DA:74,4
DA:75,4
DA:76,4
DA:77,4
DA:78,4
DA:79,4
DA:80,4
DA:81,4
DA:82,4
DA:83,4
DA:84,4
DA:85,4
DA:86,1
DA:87,4
DA:88,132
DA:89,1
DA:90,132
DA:91,132
DA:92,164
DA:93,132
DA:94,164
DA:95,132
DA:96,164
DA:97,132
DA:98,164
DA:99,132
DA:100,4
DA:101,1
DA:102,4
DA:103,4
DA:104,4
DA:105,4
DA:106,4
DA:107,4
DA:108,4
DA:109,4
DA:110,4
DA:111,4
DA:112,4
DA:113,4
DA:114,4
DA:115,4
DA:116,4
DA:117,4
DA:118,4
DA:119,4
DA:120,1
DA:121,4
DA:122,4
DA:123,4
DA:124,4
DA:125,1
DA:126,1
DA:127,1
DA:128,1
DA:129,1
DA:130,4
DA:131,1
DA:132,1
DA:133,1
DA:134,1
DA:135,1
DA:136,4
DA:137,4055988
DA:138,68951732
DA:139,68951732
DA:140,4
DA:141,1
DA:142,1
DA:143,1
DA:144,1
DA:145,4
DA:146,4055988
DA:147,4055988
DA:148,4055988
DA:149,4055988
DA:150,4055988
DA:151,4055988
DA:152,4055988
DA:153,4055988
DA:154,4055988
DA:155,4055988
DA:156,4055988
DA:157,4055988
DA:158,1
DA:159,4055988
DA:160,263638964
DA:161,263638964
DA:162,1
DA:163,263638964
DA:164,263638964
DA:165,328534708
DA:166,328534708
DA:167,263638964
DA:168,328534708
DA:169,328534708
DA:170,263638964
DA:171,328534708
DA:172,328534708
DA:173,263638964
DA:174,328534708
DA:175,263638964
DA:176,1
DA:177,263638964
DA:178,1
DA:179,263638964
DA:180,263638964
DA:181,263638964
DA:182,263638964
DA:183,263638964
DA:184,1
DA:185,4055988
DA:186,4055988
DA:187,4055988
DA:188,4055988
DA:189,4
DA:190,1
DA:191,1
DA:192,1
DA:193,1
DA:194,4
DA:195,4055988
DA:196,4055988
DA:197,4055988
DA:198,1
DA:199,4055988
DA:200,4055988
DA:201,4055988
DA:202,4055988
DA:203,1
DA:204,4055988
DA:205,1
DA:206,4055988
DA:207,4055988
DA:208,4055988
DA:209,4055988
DA:210,1
DA:211,4055988
DA:212,4
DA:213,1
DA:214,4
DA:215,1
LH:215
LF:215
end_of_record
SF:years/2015/05/1/solution.js
FNF:0
FNH:0
BRF:0
BRH:0
DA:1,1
DA:2,2
DA:3,1
DA:4,2
DA:5,1
DA:6,2
DA:7,1
LH:7
LF:7
end_of_record
SF:years/2015/05/2/solution.js
FNF:0
FNH:0
BRF:0
BRH:0
DA:1,1
DA:2,1
DA:3,2
DA:4,1
DA:5,2
DA:6,1
DA:7,2
DA:8,1
LH:8
LF:8
end_of_record
SF:years/2015/05/_common/list.js
FNF:0
FNH:0
BRF:0
BRH:0
DA:1,6
DA:2,1
DA:3,6
DA:4,1
DA:5,6
DA:6,6
DA:7,1
DA:8,6
DA:9,1
LH:9
LF:9
end_of_record
SF:years/2015/06/1/solution.js
FNF:0
FNH:0
BRF:0
BRH:0
DA:1,2
DA:2,1
DA:3,2
DA:4,1
DA:5,2
DA:6,2
DA:7,2
DA:8,2
DA:9,2
DA:10,2
DA:11,2
DA:12,2
DA:13,2
DA:14,1
DA:15,2
DA:16,1
LH:16
LF:16
end_of_record
SF:years/2015/06/2/solution.js
FNF:0
FNH:0
BRF:0
BRH:0
DA:1,2
DA:2,2
DA:3,1
DA:4,2
DA:5,1
DA:6,2
DA:7,2
DA:8,2
DA:9,2
DA:10,2
DA:11,2
DA:12,2
DA:13,2
DA:14,2
DA:15,2
DA:16,2
DA:17,2
DA:18,2
DA:19,2
DA:20,2
DA:21,2
DA:22,2
DA:23,2
DA:24,2
DA:25,1
DA:26,2
DA:27,1
LH:27
LF:27
end_of_record
SF:years/2015/06/_common/instructions.js
FNF:0
FNH:0
BRF:0
BRH:0
DA:1,6
DA:2,1
DA:3,1
DA:4,1
DA:5,1
DA:6,1
DA:7,1
DA:8,6
DA:9,1
DA:10,1
DA:11,1
DA:12,1
DA:13,1
DA:14,1
DA:15,1
DA:16,1
DA:17,1
DA:18,1
DA:19,1
DA:20,1
DA:21,1
DA:22,1
DA:23,1
DA:24,6
DA:25,6
DA:26,6
DA:27,6
DA:28,6
DA:29,1
DA:30,6
DA:31,6
DA:32,606
DA:33,606
DA:34,606
DA:35,606
DA:36,606
DA:37,606
DA:38,606
DA:39,606
DA:40,1
DA:41,606
DA:42,606
DA:43,606
DA:44,606
DA:45,606
DA:46,606
DA:47,6
DA:48,1
DA:49,6
DA:50,1
LH:50
LF:50
end_of_record
SF:years/2015/07/1/solution.js
FN:13,resolve
FNDA:622,resolve
FNF:1
FNH:1
BRDA:14,1,0,112
BRDA:16,1,1,510
BRDA:20,1,2,174
BRDA:22,1,3,336
BRDA:27,1,4,0
BRDA:29,1,5,336
BRDA:36,1,6,3
BRDA:39,1,7,48
BRDA:43,1,8,285
BRDA:47,1,9,112
BRDA:50,1,10,31
BRDA:53,1,11,79
BRDA:56,1,12,63
BRDA:65,1,13,336
BRF:14
BRH:13
DA:1,1
DA:2,1
DA:3,2
DA:4,1
DA:5,2
DA:6,1
DA:7,1
DA:8,1
DA:9,1
DA:10,1
DA:11,1
DA:12,1
DA:13,2
DA:14,624
DA:15,736
DA:16,736
DA:17,1
DA:18,1134
DA:19,1134
DA:20,624
DA:21,798
DA:22,798
DA:23,1
DA:24,960
DA:25,960
DA:26,1
DA:27,0
DA:28,0
DA:29,0
DA:30,1
DA:31,960
DA:32,1
DA:33,960
DA:34,1
DA:35,960
DA:36,624
DA:37,627
DA:38,627
DA:39,624
DA:40,672
DA:41,672
DA:42,1
DA:43,624
DA:44,909
DA:45,1
DA:46,909
DA:47,909
DA:48,1021
DA:49,1021
DA:50,909
DA:51,940
DA:52,940
DA:53,909
DA:54,988
DA:55,988
DA:56,909
DA:57,972
DA:58,972
DA:59,909
DA:60,909
DA:61,1
DA:62,909
DA:63,909
DA:64,624
DA:65,624
DA:66,1
DA:67,960
DA:68,1
DA:69,960
DA:70,2
DA:71,1
DA:72,2
DA:73,1
LH:70
LF:73
end_of_record
SF:years/2015/07/2/solution.js
FN:14,resolve
FNDA:1243,resolve
FNF:1
FNH:1
BRDA:15,1,0,223
BRDA:17,1,1,1020
BRDA:21,1,2,349
BRDA:24,1,3,671
BRDA:29,1,4,0
BRDA:31,1,5,671
BRDA:38,1,6,5
BRDA:41,1,7,96
BRDA:45,1,8,570
BRDA:49,1,9,224
BRDA:55,1,10,62
BRDA:61,1,11,158
BRDA:67,1,12,126
BRDA:79,1,13,671
BRF:14
BRH:13
DA:1,1
DA:2,1
DA:3,2
DA:4,1
DA:5,2
DA:6,1
DA:7,1
DA:8,1
DA:9,1
DA:10,1
DA:11,1
DA:12,1
DA:13,1
DA:14,2
DA:15,1245
DA:16,1468
DA:17,1468
DA:18,1
DA:19,2265
DA:20,2265
DA:21,1245
DA:22,1594
DA:23,1594
DA:24,1594
DA:25,1
DA:26,1916
DA:27,1916
DA:28,1
DA:29,0
DA:30,0
DA:31,0
DA:32,1
DA:33,1916
DA:34,1
DA:35,1916
DA:36,1
DA:37,1916
DA:38,1245
DA:39,1250
DA:40,1250
DA:41,1245
DA:42,1341
DA:43,1341
DA:44,1
DA:45,1245
DA:46,1815
DA:47,1
DA:48,1815
DA:49,1815
DA:50,2039
DA:51,2039
DA:52,2039
DA:53,2039
DA:54,2039
DA:55,1815
DA:56,1877
DA:57,1877
DA:58,1877
DA:59,1877
DA:60,1877
DA:61,1815
DA:62,1973
DA:63,1973
DA:64,1973
DA:65,1973
DA:66,1973
DA:67,1815
DA:68,1941
DA:69,1941
DA:70,1941
DA:71,1941
DA:72,1941
DA:73,1815
DA:74,1815
DA:75,1
DA:76,1815
DA:77,1815
DA:78,1245
DA:79,1245
DA:80,1
DA:81,1916
DA:82,1
DA:83,1916
DA:84,2
DA:85,1
DA:86,2
DA:87,1
DA:88,2
DA:89,1
LH:86
LF:89
end_of_record
SF:years/2015/07/_common/instructions.js
FNF:0
FNH:0
BRDA:42,2,0,3054
BRDA:43,2,1,228
BRF:2
BRH:2
DA:1,6
DA:2,1
DA:3,1
DA:4,1
DA:5,1
DA:6,1
DA:7,6
DA:8,1
DA:9,1
DA:10,1
DA:11,1
DA:12,1
DA:13,1
DA:14,1
DA:15,1
DA:16,1
DA:17,1
DA:18,1
DA:19,1
DA:20,1
DA:21,1
DA:22,1
DA:23,1
DA:24,1
DA:25,1
DA:26,1
DA:27,6
DA:28,6
DA:29,6
DA:30,6
DA:31,6
DA:32,1
DA:33,6
DA:34,6
DA:35,684
DA:36,684
DA:37,684
DA:38,684
DA:39,3966
DA:40,1
DA:41,3966
DA:42,3966
DA:43,3966
DA:44,684
DA:45,684
DA:46,684
DA:47,1
DA:48,684
DA:49,1
DA:50,684
DA:51,684
DA:52,684
DA:53,684
DA:54,6
DA:55,1
DA:56,6
DA:57,1
LH:57
LF:57
end_of_record
SF:years/2015/08/1/solution.js
FNF:0
FNH:0
BRF:0
BRH:0
DA:1,1
DA:2,2
DA:3,2
DA:4,1
DA:5,2
DA:6,1
DA:7,2
DA:8,1
LH:8
LF:8
end_of_record
SF:years/2015/08/2/solution.js
FNF:0
FNH:0
BRF:0
BRH:0
DA:1,2
DA:2,2
DA:3,1
DA:4,2
DA:5,1
DA:6,2
DA:7,1
LH:7
LF:7
end_of_record
SF:years/2015/08/_common/lines.js
FNF:0
FNH:0
BRF:0
BRH:0
DA:1,6
DA:2,1
DA:3,1
DA:4,1
DA:5,1
DA:6,1
DA:7,6
DA:8,1
DA:9,6
DA:10,6
DA:11,6
DA:12,6
DA:13,6
DA:14,1
DA:15,6
DA:16,1
LH:16
LF:16
end_of_record
SF:years/2015/09/1/solution.js
FNF:0
FNH:0
BRF:0
BRH:0
DA:1,2
DA:2,1
DA:3,2
DA:4,1
LH:4
LF:4
end_of_record
SF:years/2015/09/2/solution.js
FNF:0
FNH:0
BRF:0
BRH:0
DA:1,2
DA:2,1
DA:3,2
DA:4,1
LH:4
LF:4
end_of_record
SF:years/2015/09/_common/_common/_exports.js
FNF:0
FNH:0
BRF:0
BRH:0
DA:1,4
DA:2,1
LH:2
LF:2
end_of_record
SF:years/2015/09/_common/_common/pairs-with-distance.js
FNF:0
FNH:0
BRF:0
BRH:0
DA:1,6
DA:2,1
DA:3,1
DA:4,1
DA:5,1
DA:6,1
DA:7,6
DA:8,1
DA:9,6
DA:10,6
DA:11,6
DA:12,6
DA:13,6
DA:14,1
DA:15,6
DA:16,6
DA:17,62
DA:18,62
DA:19,62
DA:20,62
DA:21,62
DA:22,62
DA:23,62
DA:24,1
DA:25,62
DA:26,62
DA:27,62
DA:28,62
DA:29,6
DA:30,1
DA:31,6
DA:32,1
LH:32
LF:32
end_of_record
SF:years/2015/09/_common/sorted-path-distances.js
FNF:0
FNH:0
BRDA:15,2,0,80640
BRDA:17,2,1,564480
BRDA:25,2,2,0
BRDA:27,2,3,564480
BRDA:21,3,0,2257920
BRF:5
BRH:4
DA:1,4
DA:2,4
DA:3,1
DA:4,4
DA:5,4
DA:6,4
DA:7,4
DA:8,1
DA:9,4
DA:10,4
DA:11,80644
DA:12,80644
DA:13,725764
DA:14,1
DA:15,725764
DA:16,806404
DA:17,806404
DA:18,1
DA:19,1290244
DA:20,1290244
DA:21,9475204
DA:22,11733124
DA:23,1290244
DA:24,1
DA:25,0
DA:26,0
DA:27,0
DA:28,1
DA:29,725764
DA:30,80644
DA:31,4
DA:32,4
DA:33,1
DA:34,4
DA:35,1
LH:32
LF:35
end_of_record
SF:years/2015/09/_common/sorted-path-distances/_exports.js
FNF:0
FNH:0
BRF:0
BRH:0
DA:1,4
DA:2,1
LH:2
LF:2
end_of_record
SF:years/2015/09/_common/sorted-path-distances/unique-locations.js
FNF:0
FNH:0
BRF:0
BRH:0
DA:1,4
DA:2,1
DA:3,4
DA:4,1
DA:5,4
DA:6,1
LH:6
LF:6
end_of_record
SF:years/2015/10/1/solution.js
FNF:0
FNH:0
BRF:0
BRH:0
DA:1,2
DA:2,1
DA:3,2
DA:4,1
DA:5,2
DA:6,2
DA:7,2
DA:8,42
DA:9,42
DA:10,42
DA:11,42
DA:12,1
DA:13,42
DA:14,42
DA:15,42
DA:16,2
DA:17,2
DA:18,2
DA:19,1
DA:20,2
DA:21,1
LH:21
LF:21
end_of_record
SF:years/2015/10/2/solution.js
FNF:0
FNH:0
BRF:0
BRH:0
DA:1,2
DA:2,1
DA:3,2
DA:4,1
DA:5,2
DA:6,2
DA:7,2
DA:8,52
DA:9,52
DA:10,52
DA:11,52
DA:12,1
DA:13,52
DA:14,52
DA:15,52
DA:16,2
DA:17,2
DA:18,2
DA:19,1
DA:20,2
DA:21,1
LH:21
LF:21
end_of_record
SF:years/2015/10/_common/sequence.js
FNF:0
FNH:0
BRF:0
BRH:0
DA:1,6
DA:2,1
DA:3,1
DA:4,1
DA:5,1
DA:6,1
DA:7,6
DA:8,1
DA:9,6
DA:10,1
DA:11,6
DA:12,1
LH:12
LF:12
end_of_record
SF:years/2015/11/1/solution.js
FNF:0
FNH:0
BRF:0
BRH:0
DA:1,2
DA:2,2
DA:3,1
DA:4,2
DA:5,1
LH:5
LF:5
end_of_record
SF:years/2015/11/2/solution.js
FNF:0
FNH:0
BRF:0
BRH:0
DA:1,2
DA:2,2
DA:3,1
DA:4,2
DA:5,1
LH:5
LF:5
end_of_record
SF:years/2015/11/_common/_common/_exports.js
FNF:0
FNH:0
BRF:0
BRH:0
DA:1,4
DA:2,1
LH:2
LF:2
end_of_record
SF:years/2015/11/_common/_common/base.js
FNF:0
FNH:0
BRF:0
BRH:0
DA:1,4
DA:2,1
DA:3,4
DA:4,1
LH:4
LF:4
end_of_record
SF:years/2015/11/_common/get-next-password.js
FN:7,getNextPassword
FNDA:3,getNextPassword
FNF:1
FNH:1
BRDA:10,1,0,1432807
BRDA:18,1,1,3
BRF:2
BRH:2
DA:1,4
DA:2,4
DA:3,1
DA:4,1
DA:5,1
DA:6,1
DA:7,4
DA:8,7
DA:9,1
DA:10,7
DA:11,1432814
DA:12,1432814
DA:13,1432814
DA:14,1432814
DA:15,1
DA:16,1432814
DA:17,1
DA:18,1432814
DA:19,1432817
DA:20,1432817
DA:21,1432814
DA:22,4
DA:23,1
DA:24,4
DA:25,1
LH:25
LF:25
end_of_record
SF:years/2015/11/_common/get-next-password/_common/lower-case-a-code-point.js
FNF:0
FNH:0
BRF:0
BRH:0
DA:1,4
DA:2,1
DA:3,4
DA:4,1
LH:4
LF:4
end_of_record
SF:years/2015/11/_common/get-next-password/_exports.js
FNF:0
FNH:0
BRF:0
BRH:0
DA:1,4
DA:2,4
DA:3,1
LH:3
LF:3
end_of_record
SF:years/2015/11/_common/get-next-password/alphabetic-to-base-26.js
FN:12,alphabeticToBase26
FNDA:1432807,alphabeticToBase26
FNF:1
FNH:1
BRF:0
BRH:0
DA:1,4
DA:2,1
DA:3,4
DA:4,1
DA:5,1
DA:6,1
DA:7,1
DA:8,1
DA:9,1
DA:10,1
DA:11,1
DA:12,4
DA:13,1432811
DA:14,1432811
DA:15,12895267
DA:16,4
DA:17,1
DA:18,4
DA:19,1
LH:19
LF:19
end_of_record
SF:years/2015/11/_common/get-next-password/alphabetic-to-base-26/_exports.js
FNF:0
FNH:0
BRF:0
BRH:0
DA:1,4
DA:2,1
LH:2
LF:2
end_of_record
SF:years/2015/11/_common/get-next-password/alphabetic-to-base-26/convert-letter-to-decimal-digit.js
FN:11,convertLetterToDecimalDigit
FNDA:11462456,convertLetterToDecimalDigit
FNF:1
FNH:1
BRF:0
BRH:0
DA:1,4
DA:2,1
DA:3,1
DA:4,1
DA:5,1
DA:6,1
DA:7,1
DA:8,1
DA:9,1
DA:10,1
DA:11,4
DA:12,11462460
DA:13,4
DA:14,1
DA:15,4
DA:16,1
LH:16
LF:16
end_of_record
SF:years/2015/11/_common/get-next-password/base-26-to-alphabetic.js
FN:6,base26ToAlphabetic
FNDA:1432807,base26ToAlphabetic
FNF:1
FNH:1
BRF:0
BRH:0
DA:1,4
DA:2,1
DA:3,1
DA:4,1
DA:5,1
DA:6,4
DA:7,1
DA:8,4
DA:9,1
LH:9
LF:9
end_of_record
SF:years/2015/11/_common/get-next-password/base-26-to-alphabetic/_exports.js
FNF:0
FNH:0
BRF:0
BRH:0
DA:1,4
DA:2,1
LH:2
LF:2
end_of_record
SF:years/2015/11/_common/get-next-password/base-26-to-alphabetic/convert-decimal-to-letter.js
FN:10,convertDecimalToLetter
FNDA:11462456,convertDecimalToLetter
FNF:1
FNH:1
BRF:0
BRH:0
DA:1,4
DA:2,1
DA:3,1
DA:4,1
DA:5,1
DA:6,1
DA:7,1
DA:8,1
DA:9,1
DA:10,4
DA:11,11462460
DA:12,4
DA:13,1
DA:14,4
DA:15,1
LH:15
LF:15
end_of_record
SF:years/2015/11/_common/password.js
FNF:0
FNH:0
BRF:0
BRH:0
DA:1,6
DA:2,1
DA:3,1
DA:4,1
DA:5,1
DA:6,1
DA:7,6
DA:8,1
DA:9,6
DA:10,1
DA:11,6
DA:12,1
LH:12
LF:12
end_of_record
SF:years/2015/12/1/solution.js
FN:13,getNumbersFromObject
FNDA:3716,getNumbersFromObject
FNF:1
FNH:1
BRDA:14,1,0,333
BRDA:16,1,1,3383
BRDA:18,1,2,340
BRDA:18,1,3,340
BRDA:20,1,4,3043
BRDA:22,1,5,1533
BRDA:24,1,6,1510
BRF:7
BRH:7
DA:1,2
DA:2,2
DA:3,1
DA:4,1
DA:5,1
DA:6,1
DA:7,1
DA:8,1
DA:9,1
DA:10,1
DA:11,1
DA:12,1
DA:13,2
DA:14,3718
DA:15,4051
DA:16,4051
DA:17,1
DA:18,3718
DA:19,4058
DA:20,4058
DA:21,1
DA:22,3718
DA:23,5251
DA:24,5251
DA:25,1
DA:26,5228
DA:27,2
DA:28,1
DA:29,2
DA:30,1
DA:31,2
DA:32,1
LH:32
LF:32
end_of_record
SF:years/2015/12/2/solution.js
FN:13,getNumbersFromObject
FNDA:2134,getNumbersFromObject
FNF:1
FNH:1
BRDA:14,1,0,225
BRDA:16,1,1,1909
BRDA:18,1,2,240
BRDA:18,1,3,240
BRDA:19,1,4,58
BRDA:21,1,5,182
BRDA:24,1,6,1669
BRDA:26,1,7,804
BRDA:28,1,8,865
BRF:9
BRH:9
DA:1,2
DA:2,2
DA:3,1
DA:4,1
DA:5,1
DA:6,1
DA:7,1
DA:8,1
DA:9,1
DA:10,1
DA:11,1
DA:12,1
DA:13,2
DA:14,2136
DA:15,2361
DA:16,2361
DA:17,1
DA:18,2136
DA:19,2376
DA:20,2434
DA:21,2434
DA:22,1
DA:23,2558
DA:24,2558
DA:25,1
DA:26,2136
DA:27,2940
DA:28,2940
DA:29,1
DA:30,3001
DA:31,2
DA:32,1
DA:33,2
DA:34,1
DA:35,2
DA:36,1
LH:36
LF:36
end_of_record
SF:years/2015/12/_common/object.js
FNF:0
FNH:0
BRF:0
BRH:0
DA:1,6
DA:2,1
DA:3,1
DA:4,1
DA:5,1
DA:6,1
DA:7,6
DA:8,1
DA:9,6
DA:10,1
DA:11,6
DA:12,1
LH:12
LF:12
end_of_record
SF:years/2015/13/1/solution.js
FNF:0
FNH:0
BRF:0
BRH:0
DA:1,2
DA:2,2
DA:3,2
DA:4,1
DA:5,2
DA:6,1
DA:7,2
DA:8,1
DA:9,2
DA:10,1
DA:11,2
DA:12,2
DA:13,40322
DA:14,40322
DA:15,40322
DA:16,40322
DA:17,362882
DA:18,1
DA:19,362882
DA:20,1
DA:21,362882
DA:22,1
DA:23,362882
DA:24,1
DA:25,362882
DA:26,40322
DA:27,40322
DA:28,2
DA:29,2
DA:30,518146
DA:31,518146
DA:32,2
DA:33,1
DA:34,2
DA:35,1
LH:35
LF:35
end_of_record
SF:years/2015/13/2/solution.js
FNF:0
FNH:0
BRDA:21,3,0,725760
BRDA:23,3,1,2540160
BRF:2
BRH:2
DA:1,2
DA:2,2
DA:3,2
DA:4,1
DA:5,2
DA:6,1
DA:7,2
DA:8,1
DA:9,2
DA:10,1
DA:11,2
DA:12,2
DA:13,362882
DA:14,362882
DA:15,362882
DA:16,362882
DA:17,3628802
DA:18,1
DA:19,3628802
DA:20,1
DA:21,3628802
DA:22,4354562
DA:23,4354562
DA:24,1
DA:25,6168962
DA:26,1
DA:27,6168962
DA:28,1
DA:29,6168962
DA:30,362882
DA:31,362882
DA:32,2
DA:33,2
DA:34,4851059
DA:35,4851059
DA:36,2
DA:37,1
DA:38,2
DA:39,1
LH:39
LF:39
end_of_record
SF:years/2015/13/_common/relations.js
FNF:0
FNH:0
BRDA:42,1,0,56
BRDA:42,1,1,56
BRF:2
BRH:2
DA:1,6
DA:2,6
DA:3,6
DA:4,1
DA:5,1
DA:6,1
DA:7,1
DA:8,1
DA:9,6
DA:10,1
DA:11,1
DA:12,1
DA:13,1
DA:14,1
DA:15,6
DA:16,6
DA:17,6
DA:18,6
DA:19,6
DA:20,1
DA:21,6
DA:22,1
DA:23,6
DA:24,6
DA:25,6
DA:26,6
DA:27,118
DA:28,118
DA:29,118
DA:30,118
DA:31,118
DA:32,118
DA:33,118
DA:34,118
DA:35,118
DA:36,118
DA:37,118
DA:38,118
DA:39,118
DA:40,1
DA:41,118
DA:42,118
DA:43,118
DA:44,118
DA:45,118
DA:46,6
DA:47,6
DA:48,6
DA:49,6
DA:50,6
DA:51,62
DA:52,62
DA:53,62
DA:54,62
DA:55,62
DA:56,62
DA:57,62
DA:58,62
DA:59,6
DA:60,1
DA:61,6
DA:62,1
LH:62
LF:62
end_of_record
SF:years/2015/14/1/solution.js
FN:7,getDistance
FNDA:9,getDistance
FNF:1
FNH:1
BRDA:15,1,0,398
BRF:1
BRH:1
DA:1,2
DA:2,2
DA:3,1
DA:4,1
DA:5,1
DA:6,1
DA:7,2
DA:8,11
DA:9,11
DA:10,11
DA:11,11
DA:12,11
DA:13,11
DA:14,1
DA:15,11
DA:16,409
DA:17,1
DA:18,409
DA:19,1
DA:20,409
DA:21,1
DA:22,409
DA:23,409
DA:24,1
DA:25,11
DA:26,2
DA:27,1
DA:28,2
DA:29,2
DA:30,2
DA:31,1
DA:32,2
DA:33,1
LH:33
LF:33
end_of_record
SF:years/2015/14/2/solution.js
FN:9,Array.from.reduce.reindeerGroup.map
FNDA:2504,Array.from.reduce.reindeerGroup.map
FNF:1
FNH:1
BRDA:24,3,0,389
BRDA:33,3,1,19951
BRDA:33,3,2,2585
BRDA:34,3,3,19951
BRDA:34,3,4,2585
BRDA:35,3,5,19951
BRDA:35,3,6,2585
BRDA:47,6,0,2504
BRDA:51,6,1,17960
BRF:9
BRH:9
DA:1,2
DA:2,2
DA:3,1
DA:4,2
DA:5,2
DA:6,2
DA:7,2
DA:8,2
DA:9,2
DA:10,2506
DA:11,2506
DA:12,2506
DA:13,25042
DA:14,25042
DA:15,25042
DA:16,25042
DA:17,25042
DA:18,25042
DA:19,25042
DA:20,25042
DA:21,25042
DA:22,25042
DA:23,1
DA:24,25042
DA:25,25431
DA:26,25431
DA:27,25431
DA:28,1
DA:29,25042
DA:30,1
DA:31,25042
DA:32,25042
DA:33,25042
DA:34,25042
DA:35,25042
DA:36,25042
DA:37,25042
DA:38,25042
DA:39,25042
DA:40,2506
DA:41,2506
DA:42,2506
DA:43,2506
DA:44,2506
DA:45,2506
DA:46,22970
DA:47,22970
DA:48,28029
DA:49,28029
DA:50,25474
DA:51,22970
DA:52,2
DA:53,2
DA:54,11
DA:55,11
DA:56,11
DA:57,11
DA:58,11
DA:59,2
DA:60,2
DA:61,2
DA:62,2
DA:63,1
DA:64,2
DA:65,1
LH:65
LF:65
end_of_record
SF:years/2015/14/_common/maximum-seconds.js
FNF:0
FNH:0
BRF:0
BRH:0
DA:1,4
DA:2,1
DA:3,4
DA:4,1
LH:4
LF:4
end_of_record
SF:years/2015/14/_common/reindeer-group.js
FNF:0
FNH:0
BRF:0
BRH:0
DA:1,6
DA:2,1
DA:3,1
DA:4,1
DA:5,1
DA:6,1
DA:7,6
DA:8,1
DA:9,1
DA:10,1
DA:11,1
DA:12,1
DA:13,6
DA:14,6
DA:15,6
DA:16,6
DA:17,6
DA:18,1
DA:19,6
DA:20,1
DA:21,6
DA:22,6
DA:23,24
DA:24,24
DA:25,24
DA:26,24
DA:27,24
DA:28,24
DA:29,24
DA:30,24
DA:31,24
DA:32,24
DA:33,24
DA:34,24
DA:35,24
DA:36,24
DA:37,24
DA:38,24
DA:39,1
DA:40,24
DA:41,24
DA:42,24
DA:43,24
DA:44,24
DA:45,24
DA:46,6
DA:47,6
DA:48,1
DA:49,6
DA:50,1
LH:50
LF:50
end_of_record
SF:years/2015/15/1/solution.js
FNF:0
FNH:0
BRF:0
BRH:0
DA:1,2
DA:2,2
DA:3,2
DA:4,2
DA:5,2
DA:6,2
DA:7,2
DA:8,2
DA:9,1
DA:10,2
DA:11,2
DA:12,2
DA:13,2
DA:14,2
DA:15,8039
DA:16,184890
DA:17,1
DA:18,184890
DA:19,2
DA:20,2
DA:21,1
DA:22,2
DA:23,1
LH:23
LF:23
end_of_record
SF:years/2015/15/2/solution.js
FNF:0
FNH:0
BRDA:23,2,0,373
BRDA:24,2,1,176478
BRF:2
BRH:2
DA:1,2
DA:2,2
DA:3,2
DA:4,2
DA:5,2
DA:6,2
DA:7,2
DA:8,2
DA:9,1
DA:10,2
DA:11,1
DA:12,2
DA:13,2
DA:14,2
DA:15,2
DA:16,2
DA:17,8039
DA:18,184890
DA:19,1
DA:20,184890
DA:21,1
DA:22,184890
DA:23,184890
DA:24,184890
DA:25,2
DA:26,2
DA:27,1
DA:28,2
DA:29,1
LH:29
LF:29
end_of_record
SF:years/2015/15/2/solution/_exports.js
FNF:0
FNH:0
BRF:0
BRH:0
DA:1,2
DA:2,2
DA:3,1
LH:3
LF:3
end_of_record
SF:years/2015/15/2/solution/needed-calories.js
FNF:0
FNH:0
BRF:0
BRH:0
DA:1,2
DA:2,1
DA:3,2
DA:4,1
LH:4
LF:4
end_of_record
SF:years/2015/15/2/solution/relevant-keys.js
FNF:0
FNH:0
BRF:0
BRH:0
DA:1,2
DA:2,2
DA:3,2
DA:4,2
DA:5,2
DA:6,2
DA:7,2
DA:8,1
DA:9,2
DA:10,1
LH:10
LF:10
end_of_record
SF:years/2015/15/_common/_common/_exports.js
FNF:0
FNH:0
BRF:0
BRH:0
DA:1,4
DA:2,1
LH:2
LF:2
end_of_record
SF:years/2015/15/_common/_common/is-array.js
FNF:0
FNH:0
BRF:0
BRH:0
DA:1,1
DA:2,1
DA:3,1
DA:4,1
DA:5,4
DA:6,4
DA:7,4
DA:8,1
DA:9,4
DA:10,1
LH:10
LF:10
end_of_record
SF:years/2015/15/_common/get-cookie.js
FN:14,getCookie
FNDA:353702,getCookie
FNF:1
FNH:1
BRF:0
BRH:0
DA:1,4
DA:2,4
DA:3,4
DA:4,4
DA:5,1
DA:6,1
DA:7,1
DA:8,1
DA:9,1
DA:10,1
DA:11,1
DA:12,1
DA:13,1
DA:14,4
DA:15,353706
DA:16,1768514
DA:17,1
DA:18,1768514
DA:19,1768514
DA:20,1768514
DA:21,1768514
DA:22,353706
DA:23,1
DA:24,353706
DA:25,1
DA:26,353706
DA:27,353706
DA:28,353706
DA:29,353706
DA:30,1768514
DA:31,1768514
DA:32,1768514
DA:33,1768514
DA:34,1768514
DA:35,1768514
DA:36,1768514
DA:37,1768514
DA:38,1768514
DA:39,1768514
DA:40,1768514
DA:41,353706
DA:42,353706
DA:43,353706
DA:44,353706
DA:45,353706
DA:46,4
DA:47,1
DA:48,4
DA:49,1
LH:49
LF:49
end_of_record
SF:years/2015/15/_common/get-cookie/_exports.js
FNF:0
FNH:0
BRF:0
BRH:0
DA:1,4
DA:2,4
DA:3,4
DA:4,1
LH:4
LF:4
end_of_record
SF:years/2015/15/_common/get-cookie/map-entries.js
FN:9,mapEntries
FNDA:3183318,mapEntries
FNF:1
FNH:1
BRF:0
BRH:0
DA:1,1
DA:2,1
DA:3,1
DA:4,1
DA:5,1
DA:6,1
DA:7,1
DA:8,1
DA:9,4
DA:10,3183322
DA:11,3183322
DA:12,3183322
DA:13,3183322
DA:14,3183322
DA:15,3183322
DA:16,17508253
DA:17,17508253
DA:18,3183322
DA:19,3183322
DA:20,4
DA:21,1
DA:22,4
DA:23,1
LH:23
LF:23
end_of_record
SF:years/2015/15/_common/get-cookie/map-values.js
FN:10,mapValues
FNDA:1768510,mapValues
FNF:1
FNH:1
BRF:0
BRH:0
DA:1,4
DA:2,1
DA:3,1
DA:4,1
DA:5,1
DA:6,1
DA:7,1
DA:8,1
DA:9,1
DA:10,4
DA:11,1768514
DA:12,1768514
DA:13,1768514
DA:14,9726809
DA:15,9726809
DA:16,9726809
DA:17,9726809
DA:18,9726809
DA:19,4
DA:20,1
DA:21,4
DA:22,1
LH:22
LF:22
end_of_record
SF:years/2015/15/_common/get-cookie/omit.js
FN:8,omit
FNDA:0,omit
FNF:1
FNH:0
BRF:0
BRH:0
DA:1,1
DA:2,1
DA:3,1
DA:4,1
DA:5,1
DA:6,1
DA:7,1
DA:8,0
DA:9,0
DA:10,0
DA:11,0
DA:12,0
DA:13,0
DA:14,0
DA:15,1
DA:16,0
DA:17,0
DA:18,0
DA:19,1
DA:20,0
DA:21,0
DA:22,0
DA:23,0
DA:24,0
DA:25,1
DA:26,4
DA:27,1
LH:12
LF:27
end_of_record
SF:years/2015/15/_common/get-integer-partitions-of-size.js
FN:8,getIntegerPartitionsOfSize
FNDA:17030,getIntegerPartitionsOfSize
FNF:1
FNH:1
BRDA:9,1,0,16074
BRDA:10,1,1,0
BRDA:11,1,2,956
BRDA:16,1,3,17028
BRDA:17,1,4,48222
BRDA:20,1,5,956
BRF:6
BRH:5
DA:1,1
DA:2,1
DA:3,1
DA:4,1
DA:5,1
DA:6,1
DA:7,1
DA:8,4
DA:9,17034
DA:10,0
DA:11,33108
DA:12,1
DA:13,17990
DA:14,17990
DA:15,1
DA:16,17034
DA:17,34062
DA:18,82284
DA:19,82284
DA:20,34062
DA:21,1
DA:22,17990
DA:23,4
DA:24,1
DA:25,4
DA:26,1
LH:25
LF:26
end_of_record
SF:years/2015/15/_common/ingredients.js
FNF:0
FNH:0
BRF:0
BRH:0
DA:1,1
DA:2,6
DA:3,1
DA:4,1
DA:5,1
DA:6,1
DA:7,1
DA:8,6
DA:9,1
DA:10,6
DA:11,1
DA:12,1
DA:13,1
DA:14,1
DA:15,1
DA:16,6
DA:17,6
DA:18,6
DA:19,1
DA:20,6
DA:21,1
DA:22,6
DA:23,1
DA:24,6
DA:25,6
DA:26,6
DA:27,14
DA:28,14
DA:29,14
DA:30,14
DA:31,14
DA:32,14
DA:33,14
DA:34,6
DA:35,6
DA:36,1
DA:37,6
DA:38,1
LH:38
LF:38
end_of_record
SF:years/2015/15/_common/permute-unique.js
FN:5,permuteUnique
FNDA:16074,permuteUnique
FNF:1
FNH:1
BRDA:11,1,0,64296
BRDA:12,1,1,61574
BRDA:25,1,2,64296
BRDA:28,1,3,610802
BRDA:29,1,4,2383432
BRDA:30,1,5,1435002
BRDA:32,1,6,948430
BRDA:36,1,7,0
BRF:8
BRH:7
DA:1,1
DA:2,1
DA:3,1
DA:4,1
DA:5,4
DA:6,16078
DA:7,1
DA:8,1
DA:9,16078
DA:10,1
DA:11,16078
DA:12,80374
DA:13,80374
DA:14,1
DA:15,16078
DA:16,1
DA:17,1
DA:18,16078
DA:19,16078
DA:20,16078
DA:21,16078
DA:22,16078
DA:23,16078
DA:24,1
DA:25,16078
DA:26,80374
DA:27,1
DA:28,80374
DA:29,691176
DA:30,3074608
DA:31,4509610
DA:32,4509610
DA:33,1
DA:34,4023038
DA:35,1
DA:36,0
DA:37,3074608
DA:38,3074608
DA:39,3074608
DA:40,3074608
DA:41,3074608
DA:42,691176
DA:43,1
DA:44,80374
DA:45,80374
DA:46,1
DA:47,16078
DA:48,4
DA:49,1
DA:50,4
DA:51,1
LH:50
LF:51
end_of_record
SF:years/2015/15/_common/pick.js
FN:16,pick
FNDA:3006840,pick
FNF:1
FNH:1
BRDA:26,1,0,0
BRF:1
BRH:0
DA:1,4
DA:2,4
DA:3,1
DA:4,1
DA:5,1
DA:6,1
DA:7,1
DA:8,1
DA:9,1
DA:10,1
DA:11,1
DA:12,1
DA:13,1
DA:14,1
DA:15,1
DA:16,4
DA:17,3006844
DA:18,3006844
DA:19,3006844
DA:20,3006844
DA:21,1
DA:22,3006844
DA:23,1
DA:24,3006844
DA:25,3006844
DA:26,3006844
DA:27,0
DA:28,0
DA:29,0
DA:30,1
DA:31,3006844
DA:32,3006844
DA:33,16449012
DA:34,16449012
DA:35,16449012
DA:36,1
DA:37,16449012
DA:38,3006844
DA:39,3006844
DA:40,3006844
DA:41,4
DA:42,1
DA:43,4
DA:44,1
LH:41
LF:44
end_of_record
SF:years/2015/15/_common/pick/_exports.js
FNF:0
FNH:0
BRF:0
BRH:0
DA:1,4
DA:2,4
DA:3,1
LH:3
LF:3
end_of_record
SF:years/2015/15/_common/pick/filter-key.js
FN:13,filterKey
FNDA:13442168,filterKey
FNF:1
FNH:1
BRDA:21,1,0,0
BRF:1
BRH:0
DA:1,4
DA:2,1
DA:3,1
DA:4,1
DA:5,1
DA:6,1
DA:7,1
DA:8,1
DA:9,1
DA:10,1
DA:11,1
DA:12,1
DA:13,4
DA:14,13442172
DA:15,13442172
DA:16,13442172
DA:17,13442172
DA:18,13442172
DA:19,13442172
DA:20,13442172
DA:21,0
DA:22,0
DA:23,0
DA:24,0
DA:25,0
DA:26,0
DA:27,13442172
DA:28,4
DA:29,1
DA:30,4
DA:31,1
LH:25
LF:31
end_of_record
SF:years/2015/15/_common/pick/filtered-keys.doc.js
FNF:0
FNH:0
BRF:0
BRH:0
DA:1,1
DA:2,1
DA:3,1
DA:4,1
DA:5,1
DA:6,1
DA:7,1
DA:8,1
DA:9,1
DA:10,1
LH:10
LF:10
end_of_record
SF:years/2015/15/_common/score-keys.js
FNF:0
FNH:0
BRF:0
BRH:0
DA:1,4
DA:2,4
DA:3,4
DA:4,4
DA:5,4
DA:6,4
DA:7,1
DA:8,4
DA:9,1
LH:9
LF:9
end_of_record
SF:years/2015/15/_common/total-number-of-teaspoons.js
FNF:0
FNH:0
BRF:0
BRH:0
DA:1,4
DA:2,1
DA:3,4
DA:4,1
LH:4
LF:4
end_of_record
SF:years/2015/16/1/solution.js
FNF:0
FNH:0
BRDA:6,2,0,111
BRF:1
BRH:1
DA:1,2
DA:2,2
DA:3,1
DA:4,2
DA:5,2
DA:6,2
DA:7,2
DA:8,1
DA:9,2
DA:10,1
LH:10
LF:10
end_of_record
SF:years/2015/16/2/solution.js
FNF:0
FNH:0
BRDA:9,2,0,611
BRDA:11,2,1,450
BRDA:14,2,2,28
BRDA:15,2,3,33
BRDA:17,2,4,55
BRDA:18,2,5,65
BRDA:20,2,6,352
BRF:7
BRH:7
DA:1,2
DA:2,2
DA:3,1
DA:4,2
DA:5,2
DA:6,407
DA:7,1468
DA:8,1
DA:9,1468
DA:10,2079
DA:11,2079
DA:12,1
DA:13,1918
DA:14,1468
DA:15,1468
DA:16,1501
DA:17,1468
DA:18,1468
DA:19,1533
DA:20,1468
DA:21,1820
DA:22,1468
DA:23,2
DA:24,2
DA:25,1
DA:26,2
DA:27,1
LH:27
LF:27
end_of_record
SF:years/2015/16/_common/message-properties.js
FNF:0
FNH:0
BRF:0
BRH:0
DA:1,4
DA:2,4
DA:3,4
DA:4,4
DA:5,4
DA:6,4
DA:7,4
DA:8,4
DA:9,4
DA:10,4
DA:11,4
DA:12,4
DA:13,1
DA:14,4
DA:15,1
LH:15
LF:15
end_of_record
SF:years/2015/16/_common/sues.js
FN:52,isKeyEntry
FNDA:1692,isKeyEntry
FNF:1
FNH:1
BRF:0
BRH:0
DA:1,6
DA:2,1
DA:3,1
DA:4,1
DA:5,1
DA:6,1
DA:7,1
DA:8,6
DA:9,1
DA:10,6
DA:11,1
DA:12,1
DA:13,1
DA:14,1
DA:15,1
DA:16,6
DA:17,6
DA:18,6
DA:19,1
DA:20,6
DA:21,1
DA:22,1
DA:23,1
DA:24,1
DA:25,1
DA:26,1
DA:27,1
DA:28,1
DA:29,1
DA:30,1
DA:31,1
DA:32,1
DA:33,1
DA:34,1
DA:35,1
DA:36,1
DA:37,1
DA:38,1
DA:39,1
DA:40,1
DA:41,1
DA:42,1
DA:43,1
DA:44,1
DA:45,1
DA:46,1
DA:47,1
DA:48,1
DA:49,6
DA:50,6
DA:51,6
DA:52,6
DA:53,6
DA:54,6
DA:55,1
DA:56,6
DA:57,6
DA:58,6
DA:59,1006
DA:60,1006
DA:61,1006
DA:62,1006
DA:63,1006
DA:64,1006
DA:65,1006
DA:66,1006
DA:67,1006
DA:68,4006
DA:69,4006
DA:70,4006
DA:71,4006
DA:72,1006
DA:73,1006
DA:74,1006
DA:75,6
DA:76,1
DA:77,6
DA:78,1
LH:78
LF:78
end_of_record
SF:years/2015/17/1/solution.js
FNF:0
FNH:0
BRF:0
BRH:0
DA:1,2
DA:2,2
DA:3,2
DA:4,2
DA:5,1
DA:6,2
DA:7,1
DA:8,2
DA:9,2
DA:10,2
DA:11,2
DA:12,2
DA:13,2
DA:14,1
DA:15,2
DA:16,1
LH:16
LF:16
end_of_record
SF:years/2015/17/1/solution/_exports.js
FNF:0
FNH:0
BRF:0
BRH:0
DA:1,2
DA:2,1
LH:2
LF:2
end_of_record
SF:years/2015/17/1/solution/get-longest-sum-length.js
FN:5,getLongestSumLength
FNDA:1,getLongestSumLength
FNF:1
FNH:1
BRDA:11,1,0,9
BRDA:14,1,1,1
BRDA:17,1,2,0
BRF:3
BRH:2
DA:1,1
DA:2,1
DA:3,1
DA:4,1
DA:5,2
DA:6,3
DA:7,3
DA:8,1
DA:9,3
DA:10,1
DA:11,3
DA:12,12
DA:13,1
DA:14,12
DA:15,13
DA:16,13
DA:17,12
DA:18,1
DA:19,0
DA:20,2
DA:21,1
DA:22,2
DA:23,1
LH:22
LF:23
end_of_record
SF:years/2015/17/2/solution.js
FNF:0
FNH:0
BRF:0
BRH:0
DA:1,2
DA:2,2
DA:3,2
DA:4,2
DA:5,1
DA:6,2
DA:7,1
DA:8,2
DA:9,2
DA:10,2
DA:11,2
DA:12,2
DA:13,1
DA:14,2
DA:15,1
LH:15
LF:15
end_of_record
SF:years/2015/17/2/solution/_exports.js
FNF:0
FNH:0
BRF:0
BRH:0
DA:1,2
DA:2,1
LH:2
LF:2
end_of_record
SF:years/2015/17/2/solution/get-shortest-sum-length.js
FN:5,getShortestSumLength
FNDA:1,getShortestSumLength
FNF:1
FNH:1
BRDA:11,1,0,4
BRDA:14,1,1,1
BRDA:17,1,2,0
BRF:3
BRH:2
DA:1,1
DA:2,1
DA:3,1
DA:4,1
DA:5,2
DA:6,3
DA:7,3
DA:8,1
DA:9,3
DA:10,1
DA:11,3
DA:12,7
DA:13,1
DA:14,7
DA:15,8
DA:16,8
DA:17,7
DA:18,1
DA:19,0
DA:20,2
DA:21,1
DA:22,2
DA:23,1
LH:22
LF:23
end_of_record
SF:years/2015/17/_common/combine-without-repetitions.js
FN:7,combineWithoutRepetitions
FNDA:229271,combineWithoutRepetitions
FNF:1
FNH:1
BRDA:9,1,0,139120
BRDA:10,1,1,90151
BRF:2
BRH:2
DA:1,1
DA:2,1
DA:3,1
DA:4,1
DA:5,1
DA:6,1
DA:7,4
DA:8,229275
DA:9,229275
DA:10,229275
DA:11,319426
DA:12,548688
DA:13,548688
DA:14,548688
DA:15,548688
DA:16,548688
DA:17,319426
DA:18,4
DA:19,1
DA:20,4
DA:21,1
LH:21
LF:21
end_of_record
SF:years/2015/17/_common/containers.js
FNF:0
FNH:0
BRF:0
BRH:0
DA:1,6
DA:2,1
DA:3,6
DA:4,1
DA:5,6
DA:6,6
DA:7,6
DA:8,6
DA:9,1
DA:10,6
DA:11,1
LH:11
LF:11
end_of_record
SF:years/2015/17/_common/total-volume.js
FNF:0
FNH:0
BRF:0
BRH:0
DA:1,4
DA:2,1
DA:3,4
DA:4,1
LH:4
LF:4
end_of_record
SF:years/2024/01/1/solution.js
FNF:0
FNH:0
BRF:0
BRH:0
DA:1,2
DA:2,2
DA:3,1
DA:4,2
DA:5,2
DA:6,4
DA:7,4
DA:8,2
DA:9,1
DA:10,2
DA:11,2
DA:12,1
DA:13,2
DA:14,1
DA:15,2
DA:16,1
LH:16
LF:16
end_of_record
SF:years/2024/01/2/solution.js
FNF:0
FNH:0
BRF:0
BRH:0
DA:1,2
DA:2,2
DA:3,1
DA:4,2
DA:5,2
DA:6,2
DA:7,1002
DA:8,1002
DA:9,2
DA:10,2
DA:11,1
DA:12,2
DA:13,1
LH:13
LF:13
end_of_record
SF:years/2024/01/_common/location-columns.js
FNF:0
FNH:0
BRF:0
BRH:0
DA:1,6
DA:2,6
DA:3,1
DA:4,6
DA:5,1
DA:6,6
DA:7,6
DA:8,6
DA:9,6
DA:10,6
DA:11,6
DA:12,1
DA:13,6
DA:14,1
LH:14
LF:14
end_of_record
SF:years/2024/02/1/solution.js
FNF:0
FNH:0
BRF:0
BRH:0
DA:1,2
DA:2,2
DA:3,1
DA:4,2
DA:5,2
DA:6,1
DA:7,2
DA:8,1
LH:8
LF:8
end_of_record
SF:years/2024/02/2/solution.js
FNF:0
FNH:0
BRF:0
BRH:0
DA:1,2
DA:2,2
DA:3,1
DA:4,2
DA:5,2
DA:6,1
DA:7,2
DA:8,1
LH:8
LF:8
end_of_record
SF:years/2024/02/_common/is-report-safe.js
FN:8,isReportSafe
FNDA:2000,isReportSafe
FNF:1
FNH:1
BRDA:15,1,0,11852
BRDA:16,1,1,1600
BRDA:20,1,2,10252
BRDA:29,1,3,9794
BRDA:30,1,4,8894
BRDA:32,1,5,7412
BRDA:34,1,6,3716
BRDA:34,1,7,6938
BRDA:35,1,8,3696
BRDA:38,1,9,2122
BRDA:41,1,10,400
BRDA:45,1,11,9852
BRDA:47,1,12,2000
BRDA:48,1,13,916
BRDA:48,1,14,1084
BRF:15
BRH:15
DA:1,4
DA:2,1
DA:3,1
DA:4,1
DA:5,1
DA:6,1
DA:7,1
DA:8,4
DA:9,2004
DA:10,1
DA:11,2004
DA:12,1
DA:13,2004
DA:14,1
DA:15,2004
DA:16,13856
DA:17,15456
DA:18,1
DA:19,15456
DA:20,15456
DA:21,1
DA:22,24108
DA:23,1
DA:24,24108
DA:25,1
DA:26,24108
DA:27,1
DA:28,24108
DA:29,13856
DA:30,13856
DA:31,22750
DA:32,22750
DA:33,30162
DA:34,30162
DA:35,37100
DA:36,30162
DA:37,22750
DA:38,13856
DA:39,15978
DA:40,1
DA:41,15978
DA:42,16378
DA:43,16378
DA:44,16378
DA:45,15978
DA:46,1
DA:47,13856
DA:48,15856
DA:49,15856
DA:50,13856
DA:51,1
DA:52,2004
DA:53,4
DA:54,1
DA:55,4
DA:56,1
LH:56
LF:56
end_of_record
SF:years/2024/02/_common/reports.js
FNF:0
FNH:0
BRF:0
BRH:0
DA:1,6
DA:2,1
DA:3,6
DA:4,1
DA:5,6
DA:6,6
DA:7,6
DA:8,6
DA:9,1
DA:10,6
DA:11,1
LH:11
LF:11
end_of_record
SF:years/2025/01/1/solution.js
FNF:0
FNH:0
BRF:0
BRH:0
DA:1,2
DA:2,2
DA:3,1
DA:4,2
DA:5,1
DA:6,2
DA:7,2
DA:8,4764
DA:9,1
DA:10,4764
DA:11,2
DA:12,1
DA:13,2
DA:14,1
DA:15,2
DA:16,1
LH:16
LF:16
end_of_record
SF:years/2025/01/2/solution.js
FNF:0
FNH:0
BRDA:10,1,0,2414
BRDA:11,1,1,2348
BRDA:11,1,2,596
BRF:3
BRH:3
DA:1,2
DA:2,2
DA:3,2
DA:4,1
DA:5,2
DA:6,1
DA:7,2
DA:8,2
DA:9,4764
DA:10,4764
DA:11,4764
DA:12,1
DA:13,4764
DA:14,1
DA:15,4764
DA:16,2
DA:17,2
DA:18,1
DA:19,2
DA:20,1
LH:20
LF:20
end_of_record
SF:years/2025/01/_common/divisor.js
FNF:0
FNH:0
BRF:0
BRH:0
DA:1,4
DA:2,1
DA:3,4
DA:4,1
DA:5,4
DA:6,1
LH:6
LF:6
end_of_record
SF:years/2025/01/_common/divisor/_exports.js
FNF:0
FNH:0
BRF:0
BRH:0
DA:1,4
DA:2,1
LH:2
LF:2
end_of_record
SF:years/2025/01/_common/divisor/maximum.js
FNF:0
FNH:0
BRF:0
BRH:0
DA:1,4
DA:2,1
DA:3,4
DA:4,1
LH:4
LF:4
end_of_record
SF:years/2025/01/_common/rotations.js
FNF:0
FNH:0
BRF:0
BRH:0
DA:1,6
DA:2,6
DA:3,1
DA:4,6
DA:5,1
DA:6,6
DA:7,1
DA:8,6
DA:9,6
DA:10,6
DA:11,6
DA:12,9530
DA:13,9530
DA:14,9530
DA:15,9530
DA:16,9530
DA:17,9530
DA:18,9530
DA:19,9530
DA:20,9530
DA:21,9530
DA:22,9530
DA:23,9530
DA:24,9530
DA:25,1
DA:26,9530
DA:27,1
DA:28,9530
DA:29,1
DA:30,9530
DA:31,9530
DA:32,9530
DA:33,9530
DA:34,6
DA:35,1
DA:36,6
DA:37,1
LH:37
LF:37
end_of_record
SF:years/2025/02/1/solution.js
FNF:0
FNH:0
BRDA:12,3,0,1742457
BRF:1
BRH:1
DA:1,2
DA:2,2
DA:3,1
DA:4,2
DA:5,2
DA:6,36
DA:7,36
DA:8,2
DA:9,1
DA:10,2
DA:11,2
DA:12,2303927
DA:13,4046384
DA:14,2
DA:15,1
DA:16,2
DA:17,2
DA:18,2
DA:19,1
LH:19
LF:19
end_of_record
SF:years/2025/02/2/solution.js
FNF:0
FNH:0
BRF:0
BRH:0
DA:1,1
DA:2,1
DA:3,2
DA:4,2
DA:5,1
DA:6,2
DA:7,2
DA:8,36
DA:9,36
DA:10,2
DA:11,1
DA:12,2
DA:13,2
DA:14,2303927
DA:15,2
DA:16,1
DA:17,2
DA:18,2
DA:19,2
DA:20,1
LH:20
LF:20
end_of_record
SF:years/2025/02/_common/id-ranges.js
FNF:0
FNH:0
BRF:0
BRH:0
DA:1,6
DA:2,1
DA:3,6
DA:4,1
DA:5,6
DA:6,1
DA:7,6
DA:8,1
LH:8
LF:8
end_of_record
SF:years/2025/03/1/solution.js
FNF:0
FNH:0
BRF:0
BRH:0
DA:1,2
DA:2,2
DA:3,1
DA:4,2
DA:5,2
DA:6,2
DA:7,2
DA:8,202
DA:9,1
DA:10,202
DA:11,1
DA:12,202
DA:13,1
DA:14,202
DA:15,1
DA:16,202
DA:17,1
DA:18,202
DA:19,2
DA:20,2
DA:21,2
DA:22,1
LH:22
LF:22
end_of_record
SF:years/2025/03/2/solution.js
FNF:0
FNH:0
BRDA:15,1,0,2400
BRDA:18,1,1,200
BRDA:18,1,2,2200
BRF:3
BRH:3
DA:1,2
DA:2,2
DA:3,1
DA:4,2
DA:5,1
DA:6,2
DA:7,2
DA:8,2
DA:9,2
DA:10,202
DA:11,202
DA:12,1
DA:13,202
DA:14,1
DA:15,202
DA:16,2602
DA:17,2602
DA:18,2602
DA:19,2602
DA:20,1
DA:21,2602
DA:22,1
DA:23,2602
DA:24,1
DA:25,2602
DA:26,1
DA:27,2602
DA:28,2602
DA:29,2602
DA:30,1
DA:31,202
DA:32,2
DA:33,2
DA:34,2
DA:35,1
LH:35
LF:35
end_of_record
SF:years/2025/03/_common/banks.js
FNF:0
FNH:0
BRF:0
BRH:0
DA:1,6
DA:2,1
DA:3,6
DA:4,1
DA:5,6
DA:6,1
DA:7,6
DA:8,1
LH:8
LF:8
end_of_record
SF:years/2025/04/1/solution.js
FNF:0
FNH:0
BRDA:10,2,0,18090
BRDA:11,2,1,18090
BRDA:12,2,2,18090
BRDA:15,2,3,18090
BRDA:16,2,4,18090
BRDA:17,2,5,18090
BRDA:21,2,6,11803
BRF:7
BRH:7
DA:1,2
DA:2,1
DA:3,2
DA:4,1
DA:5,2
DA:6,2
DA:7,2
DA:8,137
DA:9,18362
DA:10,18362
DA:11,18362
DA:12,18362
DA:13,18362
DA:14,18362
DA:15,18362
DA:16,18362
DA:17,18362
DA:18,18362
DA:19,1
DA:20,18362
DA:21,18362
DA:22,30165
DA:23,18362
DA:24,2
DA:25,2
DA:26,2
DA:27,1
LH:27
LF:27
end_of_record
SF:years/2025/04/2/solution.js
FNF:0
FNH:0
BRDA:20,2,0,1302480
BRDA:21,2,1,1302480
BRDA:22,2,2,1302480
BRDA:25,2,3,1302480
BRDA:26,2,4,1302480
BRDA:27,2,5,1302480
BRDA:31,2,6,275739
BRDA:35,2,7,9050
BRDA:40,2,8,275739
BRF:9
BRH:9
DA:1,1
DA:2,1
DA:3,2
DA:4,1
DA:5,2
DA:6,1
DA:7,2
DA:8,1
DA:9,2
DA:10,1
DA:11,2
DA:12,1
DA:13,2
DA:14,2
DA:15,1
DA:16,2
DA:17,2
DA:18,9722
DA:19,1321922
DA:20,1321922
DA:21,1321922
DA:22,1321922
DA:23,1321922
DA:24,1321922
DA:25,1321922
DA:26,1321922
DA:27,1321922
DA:28,1321922
DA:29,1
DA:30,1321922
DA:31,1321922
DA:32,1597661
DA:33,1321922
DA:34,1
DA:35,1321922
DA:36,1330972
DA:37,1330972
DA:38,1330972
DA:39,1
DA:40,1321922
DA:41,2
DA:42,1
DA:43,2
DA:44,2
DA:45,2
DA:46,2
DA:47,1
DA:48,2
DA:49,1
LH:49
LF:49
end_of_record
SF:years/2025/04/_common/rolls.js
FNF:0
FNH:0
BRF:0
BRH:0
DA:1,6
DA:2,1
DA:3,6
DA:4,1
DA:5,6
DA:6,1
DA:7,6
DA:8,1
LH:8
LF:8
end_of_record
SF:years/2025/05/1/solution.js
FNF:0
FNH:0
BRDA:12,2,0,46299
BRF:1
BRH:1
DA:1,2
DA:2,1
DA:3,2
DA:4,2
DA:5,2
DA:6,2
DA:7,1
DA:8,2
DA:9,2
DA:10,2
DA:11,1002
DA:12,98179
DA:13,144478
DA:14,2
DA:15,2
DA:16,2
DA:17,1
LH:17
LF:17
end_of_record
SF:years/2025/05/2/solution.js
FN:17,fork
FN:37,areRangesOverlapping
FNDA:520,fork
FNDA:72410,areRangesOverlapping
FNF:2
FNH:2
BRDA:23,1,0,72410
BRDA:24,1,1,616
BRDA:24,1,2,71794
BRDA:39,2,0,36267
BRDA:41,2,1,72040
BRDA:43,2,2,36143
BRDA:45,2,3,71802
BRDA:47,2,4,35905
BRDA:49,2,5,71794
BRDA:51,2,6,35897
BRF:10
BRH:10
DA:1,2
DA:2,2
DA:3,1
DA:4,1
DA:5,1
DA:6,1
DA:7,1
DA:8,2
DA:9,2
DA:10,2
DA:11,1
DA:12,1
DA:13,1
DA:14,1
DA:15,1
DA:16,1
DA:17,2
DA:18,522
DA:19,1
DA:20,1
DA:21,522
DA:22,1
DA:23,522
DA:24,72932
DA:25,72932
DA:26,1
DA:27,522
DA:28,522
DA:29,522
DA:30,2
DA:31,1
DA:32,1
DA:33,1
DA:34,1
DA:35,1
DA:36,1
DA:37,2
DA:38,72412
DA:39,72412
DA:40,108679
DA:41,72412
DA:42,144452
DA:43,144452
DA:44,180595
DA:45,72412
DA:46,144214
DA:47,144214
DA:48,180119
DA:49,72412
DA:50,144206
DA:51,144206
DA:52,180103
DA:53,144206
DA:54,2
DA:55,1
DA:56,2
DA:57,1
DA:58,2
DA:59,1
DA:60,2
DA:61,2
DA:62,1
DA:63,2
DA:64,1
DA:65,1
DA:66,2
DA:67,1
DA:68,2
DA:69,2
DA:70,2
DA:71,2
DA:72,2
DA:73,1
DA:74,2
DA:75,2
DA:76,1
DA:77,2
DA:78,2
DA:79,2
DA:80,2
DA:81,1
DA:82,2
DA:83,2
DA:84,2
DA:85,2
DA:86,1
DA:87,2
DA:88,2
DA:89,2
DA:90,2
DA:91,2
DA:92,2
DA:93,1
DA:94,2
DA:95,2
DA:96,2
DA:97,2
DA:98,2
DA:99,2
DA:100,2
DA:101,1
DA:102,2
DA:103,2
DA:104,2
DA:105,2
DA:106,2
DA:107,2
DA:108,1
LH:108
LF:108
end_of_record
SF:years/2025/05/_common/database.js
FNF:0
FNH:0
BRF:0
BRH:0
DA:1,6
DA:2,1
DA:3,6
DA:4,1
DA:5,1
DA:6,1
DA:7,1
DA:8,1
DA:9,6
DA:10,1
DA:11,6
DA:12,6
DA:13,6
DA:14,6
DA:15,6
DA:16,1
DA:17,6
DA:18,1
DA:19,6
DA:20,6
DA:21,6
DA:22,6
DA:23,1
DA:24,6
DA:25,1
LH:25
LF:25
end_of_record
SF:years/2025/06/1/solution.js
FN:14,rotateMatrix
FNDA:1,rotateMatrix
FNF:1
FNH:1
BRDA:29,4,0,1
BRDA:30,4,1,4
BRDA:45,5,0,474
BRDA:46,5,1,526
BRF:4
BRH:4
DA:1,2
DA:2,2
DA:3,2
DA:4,1
DA:5,1
DA:6,1
DA:7,1
DA:8,1
DA:9,1
DA:10,1
DA:11,1
DA:12,1
DA:13,1
DA:14,2
DA:15,3
DA:16,1003
DA:17,1003
DA:18,2
DA:19,1
DA:20,2
DA:21,2
DA:22,2
DA:23,2
DA:24,2
DA:25,2
DA:26,7
DA:27,1
DA:28,7
DA:29,7
DA:30,7
DA:31,2
DA:32,2
DA:33,2
DA:34,1
DA:35,2
DA:36,2
DA:37,2
DA:38,2
DA:39,2
DA:40,1
DA:41,2
DA:42,2
DA:43,2
DA:44,1002
DA:45,1002
DA:46,1002
DA:47,2
DA:48,2
DA:49,2
DA:50,1
LH:50
LF:50
end_of_record
SF:years/2025/06/2/solution.js
FNF:0
FNH:0
BRDA:39,6,0,474
BRDA:40,6,1,526
BRF:2
BRH:2
DA:1,2
DA:2,2
DA:3,2
DA:4,2
DA:5,1
DA:6,1
DA:7,1
DA:8,1
DA:9,1
DA:10,2
DA:11,2
DA:12,2
DA:13,2
DA:14,2
DA:15,2
DA:16,2
DA:17,2
DA:18,1
DA:19,2
DA:20,2
DA:21,2
DA:22,2
DA:23,2
DA:24,2
DA:25,1002
DA:26,1002
DA:27,1002
DA:28,1002
DA:29,1
DA:30,1002
DA:31,2
DA:32,2
DA:33,2
DA:34,1
DA:35,2
DA:36,2
DA:37,2
DA:38,1002
DA:39,1002
DA:40,1002
DA:41,2
DA:42,2
DA:43,2
DA:44,1
LH:44
LF:44
end_of_record
SF:years/2025/06/_common/input.js
FNF:0
FNH:0
BRF:0
BRH:0
DA:1,6
DA:2,1
DA:3,6
DA:4,1
DA:5,6
DA:6,1
LH:6
LF:6
end_of_record
SF:years/2025/07/1/solution.js
FNF:0
FNH:0
BRF:0
BRH:0
DA:1,2
DA:2,1
DA:3,2
DA:4,1
DA:5,2
DA:6,1
DA:7,2
DA:8,2
DA:9,2
DA:10,2
DA:11,2
DA:12,1
DA:13,2
DA:14,2
DA:15,2
DA:16,2
DA:17,2
DA:18,1
DA:19,2
DA:20,2
DA:21,2
DA:22,2
DA:23,1
DA:24,2
DA:25,2
DA:26,1
DA:27,2
DA:28,2
DA:29,1
DA:30,2
DA:31,2
DA:32,2
DA:33,2
DA:34,1
DA:35,2
DA:36,2
DA:37,2
DA:38,1
DA:39,2
DA:40,2
DA:41,2
DA:42,2
DA:43,1
DA:44,2
DA:45,2
DA:46,1
DA:47,2
DA:48,2
DA:49,2
DA:50,2
DA:51,2
DA:52,2
DA:53,1
DA:54,2
DA:55,1
LH:55
LF:55
end_of_record
SF:years/2025/07/2/solution.js
FN:10,handleEmpty
FN:34,handleSplitter
FN:83,getOrInsertComputed
FN:106,traverse
FNDA:1293880,handleEmpty
FNDA:144082,handleSplitter
FNDA:3234,getOrInsertComputed
FNDA:11969,traverse
FNF:4
FNH:4
BRDA:15,1,0,1293740
BRDA:18,1,1,1
BRDA:19,1,2,8571
BRDA:43,2,0,3234
BRDA:84,5,0,1536
BRDA:86,5,1,1698
BRDA:113,6,0,163
BRDA:115,6,1,11806
BRDA:119,6,2,1437963
BRDA:121,6,3,1293880
BRDA:130,6,4,144082
BRDA:137,6,5,3234
BRDA:154,6,6,140848
BRDA:161,6,7,8572
BRDA:144,7,0,3396
BRF:15
BRH:15
DA:1,2
DA:2,1
DA:3,1
DA:4,1
DA:5,1
DA:6,1
DA:7,1
DA:8,1
DA:9,1
DA:10,2
DA:11,1293882
DA:12,1293882
DA:13,1293882
DA:14,1293882
DA:15,1293882
DA:16,1
DA:17,1293882
DA:18,1293882
DA:19,1293882
DA:20,1302453
DA:21,1302453
DA:22,1
DA:23,1293882
DA:24,1293882
DA:25,2
DA:26,1
DA:27,1
DA:28,1
DA:29,1
DA:30,1
DA:31,1
DA:32,1
DA:33,1
DA:34,2
DA:35,144084
DA:36,144084
DA:37,144084
DA:38,144084
DA:39,144084
DA:40,1
DA:41,144084
DA:42,1
DA:43,144084
DA:44,147318
DA:45,1
DA:46,147318
DA:47,147318
DA:48,147318
DA:49,1
DA:50,147318
DA:51,1
DA:52,147318
DA:53,147318
DA:54,147318
DA:55,147318
DA:56,147318
DA:57,1
DA:58,147318
DA:59,147318
DA:60,147318
DA:61,1
DA:62,147318
DA:63,1
DA:64,147318
DA:65,147318
DA:66,147318
DA:67,147318
DA:68,147318
DA:69,147318
DA:70,1
DA:71,144084
DA:72,2
DA:73,1
DA:74,2
DA:75,1
DA:76,1
DA:77,1
DA:78,1
DA:79,1
DA:80,1
DA:81,1
DA:82,1
DA:83,2
DA:84,3236
DA:85,4772
DA:86,4772
DA:87,1
DA:88,4934
DA:89,1
DA:90,4934
DA:91,1
DA:92,4934
DA:93,2
DA:94,1
DA:95,1
DA:96,1
DA:97,1
DA:98,1
DA:99,1
DA:100,1
DA:101,1
DA:102,1
DA:103,1
DA:104,1
DA:105,1
DA:106,2
DA:107,11971
DA:108,11971
DA:109,11971
DA:110,11971
DA:111,11971
DA:112,11971
DA:113,11971
DA:114,12134
DA:115,12134
DA:116,1
DA:117,23777
DA:118,1
DA:119,11971
DA:120,1449934
DA:121,1449934
DA:122,2743814
DA:123,2743814
DA:124,2743814
DA:125,2743814
DA:126,2743814
DA:127,1
DA:128,2743814
DA:129,1
DA:130,1449934
DA:131,1594016
DA:132,1594016
DA:133,1594016
DA:134,1594016
DA:135,1594016
DA:136,1
DA:137,1594016
DA:138,1597250
DA:139,1597250
DA:140,1597250
DA:141,1597250
DA:142,1598948
DA:143,1
DA:144,1598948
DA:145,1602344
DA:146,1602344
DA:147,1602344
DA:148,1602344
DA:149,1602344
DA:150,1
DA:151,1598948
DA:152,1598948
DA:153,1597250
DA:154,1597250
DA:155,1
DA:156,1734864
DA:157,1734864
DA:158,1
DA:159,1449934
DA:160,1449934
DA:161,1449934
DA:162,1
DA:163,20543
DA:164,20543
DA:165,20543
DA:166,20543
DA:167,20543
DA:168,2
DA:169,1
DA:170,2
DA:171,1
LH:171
LF:171
end_of_record
SF:years/2025/07/_common/manifold.js
FNF:0
FNH:0
BRF:0
BRH:0
DA:1,6
DA:2,1
DA:3,6
DA:4,1
DA:5,1
DA:6,1
DA:7,1
DA:8,1
DA:9,6
DA:10,6
DA:11,6
DA:12,1
DA:13,6
DA:14,1
LH:14
LF:14
end_of_record
SF:years/2025/08/1/solution.js
FNF:0
FNH:0
BRF:0
BRH:0
DA:1,2
DA:2,2
DA:3,1
DA:4,2
DA:5,2
DA:6,1
DA:7,1
DA:8,1
DA:9,1
DA:10,2
DA:11,1
DA:12,2
DA:13,2
DA:14,2
DA:15,2
DA:16,1
DA:17,2
DA:18,2
DA:19,2
DA:20,1
DA:21,2
DA:22,1
DA:23,2
DA:24,2
DA:25,2
DA:26,2
DA:27,1
DA:28,2
DA:29,1
DA:30,2
DA:31,2
DA:32,2
DA:33,1
DA:34,2
DA:35,2
DA:36,2
DA:37,1
DA:38,2
DA:39,1
DA:40,2
DA:41,2
DA:42,2
DA:43,2
DA:44,1
DA:45,2
DA:46,2
DA:47,2
DA:48,2
DA:49,2
DA:50,2
DA:51,2
DA:52,2
DA:53,1
LH:53
LF:53
end_of_record
SF:years/2025/08/2/solution.js
FNF:0
FNH:0
BRF:0
BRH:0
DA:1,2
DA:2,2
DA:3,1
DA:4,1
DA:5,1
DA:6,1
DA:7,2
DA:8,1
DA:9,2
DA:10,2
DA:11,2
DA:12,2
DA:13,1
DA:14,2
DA:15,2
DA:16,2
DA:17,1
DA:18,2
DA:19,1
DA:20,2
DA:21,2
DA:22,2
DA:23,2
DA:24,1
DA:25,2
DA:26,1
DA:27,2
DA:28,2
DA:29,2
DA:30,1
DA:31,2
DA:32,2
DA:33,2
DA:34,1
DA:35,2
DA:36,1
DA:37,2
DA:38,2
DA:39,2
DA:40,1
DA:41,2
DA:42,2
DA:43,2
DA:44,1
DA:45,2
DA:46,1
DA:47,2
DA:48,2
DA:49,2
DA:50,1
LH:50
LF:50
end_of_record
SF:years/2025/08/_common/distances.js
FN:9,compareDistances
FNDA:17556264,compareDistances
FNF:1
FNH:1
BRF:0
BRH:0
DA:1,4
DA:2,4
DA:3,1
DA:4,1
DA:5,1
DA:6,1
DA:7,1
DA:8,1
DA:9,4
DA:10,17556268
DA:11,17556268
DA:12,4
DA:13,1
DA:14,4
DA:15,4
DA:16,2004
DA:17,2004
DA:18,1001004
DA:19,1001004
DA:20,1001004
DA:21,1001004
DA:22,1001004
DA:23,1001004
DA:24,4
DA:25,4
DA:26,1
DA:27,4
DA:28,1
LH:28
LF:28
end_of_record
SF:years/2025/08/_common/distances/_exports.js
FNF:0
FNH:0
BRF:0
BRH:0
DA:1,4
DA:2,1
LH:2
LF:2
end_of_record
SF:years/2025/08/_common/distances/get-distance.js
FN:12,getDistance
FNDA:999000,getDistance
FNF:1
FNH:1
BRF:0
BRH:0
DA:1,4
DA:2,1
DA:3,1
DA:4,1
DA:5,1
DA:6,1
DA:7,1
DA:8,1
DA:9,1
DA:10,1
DA:11,1
DA:12,4
DA:13,999004
DA:14,4
DA:15,1
DA:16,4
DA:17,1
LH:17
LF:17
end_of_record
SF:years/2025/08/_common/junction-boxes.js
FNF:0
FNH:0
BRF:0
BRH:0
DA:1,6
DA:2,1
DA:3,1
DA:4,1
DA:5,1
DA:6,1
DA:7,6
DA:8,1
DA:9,6
DA:10,6
DA:11,6
DA:12,6
DA:13,6
DA:14,1
DA:15,6
DA:16,1
LH:16
LF:16
end_of_record
SF:years/2025/09/1/solution.js
FNF:0
FNH:0
BRF:0
BRH:0
DA:1,2
DA:2,2
DA:3,1
DA:4,2
DA:5,2
DA:6,498
DA:7,498
DA:8,123258
DA:9,123258
DA:10,2
DA:11,2
DA:12,1
DA:13,2
DA:14,2
DA:15,2
DA:16,1
LH:16
LF:16
end_of_record
SF:years/2025/09/2/solution.js
FNF:0
FNH:0
BRDA:51,6,0,581611
BRDA:55,7,0,408541
BRF:2
BRH:2
DA:1,2
DA:2,2
DA:3,1
DA:4,2
DA:5,2
DA:6,2
DA:7,2
DA:8,1
DA:9,2
DA:10,1
DA:11,2
DA:12,2
DA:13,498
DA:14,2
DA:15,1
DA:16,2
DA:17,2
DA:18,1
DA:19,2
DA:20,2
DA:21,1
DA:22,2
DA:23,1
DA:24,2
DA:25,2
DA:26,2
DA:27,2
DA:28,2
DA:29,2
DA:30,2
DA:31,2
DA:32,1
DA:33,2
DA:34,2
DA:35,1
DA:36,2
DA:37,2
DA:38,2
DA:39,1
DA:40,2
DA:41,2
DA:42,2
DA:43,2
DA:44,2
DA:45,2
DA:46,12338
DA:47,2
DA:48,1
DA:49,2
DA:50,2
DA:51,582767
DA:52,1164378
DA:53,2
DA:54,2
DA:55,408649
DA:56,817190
DA:57,2
DA:58,2
DA:59,1
DA:60,2
DA:61,2
DA:62,2
DA:63,1
DA:64,2
DA:65,1
DA:66,2
DA:67,2
DA:68,2
DA:69,2
DA:70,2
DA:71,1
DA:72,2
DA:73,1
LH:73
LF:73
end_of_record
SF:years/2025/09/2/solution/_exports.js
FNF:0
FNH:0
BRF:0
BRH:0
DA:1,2
DA:2,2
DA:3,1
LH:3
LF:3
end_of_record
SF:years/2025/09/2/solution/intersect.js
FN:8,intersect
FNDA:2675744,intersect
FNF:1
FNH:1
BRDA:17,1,0,1981564
BRDA:17,1,1,2552736
BRDA:17,1,2,817188
BRDA:17,1,3,246016
BRDA:19,1,4,2429728
BRDA:21,1,5,694180
BRDA:21,1,6,694180
BRDA:23,1,7,1735548
BRDA:25,1,8,0
BRDA:27,1,9,1735548
BRDA:30,1,10,183035
BRF:11
BRH:10
DA:1,2
DA:2,1
DA:3,1
DA:4,1
DA:5,1
DA:6,1
DA:7,1
DA:8,2
DA:9,2675746
DA:10,2675746
DA:11,1
DA:12,2675746
DA:13,2675746
DA:14,2675746
DA:15,2675746
DA:16,1
DA:17,2675746
DA:18,2921762
DA:19,2921762
DA:20,1
DA:21,2675746
DA:22,3369926
DA:23,3369926
DA:24,1
DA:25,0
DA:26,0
DA:27,0
DA:28,1
DA:29,4411294
DA:30,2675746
DA:31,2858781
DA:32,2675746
DA:33,2
DA:34,1
DA:35,2
DA:36,1
LH:33
LF:36
end_of_record
SF:years/2025/09/2/solution/intersect/_exports.js
FNF:0
FNH:0
BRF:0
BRH:0
DA:1,2
DA:2,1
LH:2
LF:2
end_of_record
SF:years/2025/09/2/solution/intersect/is-strictly-between.js
FN:7,isStrictlyBetween
FNDA:1918583,isStrictlyBetween
FNF:1
FNH:1
BRDA:8,1,0,1050915
BRF:1
BRH:1
DA:1,1
DA:2,1
DA:3,1
DA:4,1
DA:5,1
DA:6,1
DA:7,2
DA:8,1918585
DA:9,2969500
DA:10,2
DA:11,1
DA:12,2
DA:13,1
LH:13
LF:13
end_of_record
SF:years/2025/09/2/solution/point-in-or-on-polygon.js
FN:11,pointInOrOnPolygon
FNDA:369764,pointInOrOnPolygon
FNF:1
FNH:1
BRDA:12,1,0,180309
BRF:1
BRH:1
DA:1,2
DA:2,2
DA:3,2
DA:4,2
DA:5,1
DA:6,1
DA:7,1
DA:8,1
DA:9,1
DA:10,1
DA:11,2
DA:12,369766
DA:13,550075
DA:14,2
DA:15,1
DA:16,2
DA:17,1
LH:17
LF:17
end_of_record
SF:years/2025/09/2/solution/point-in-or-on-polygon/_exports.js
FNF:0
FNH:0
BRF:0
BRH:0
DA:1,2
DA:2,2
DA:3,1
LH:3
LF:3
end_of_record
SF:years/2025/09/2/solution/point-in-or-on-polygon/point-in-polygon.js
FN:6,pointInPolygon
FNDA:180309,pointInPolygon
FNF:1
FNH:1
BRDA:11,2,0,44716632
BRDA:19,2,1,21434634
BRDA:23,2,2,44272060
BRDA:25,2,3,444572
BRDA:27,2,4,221777
BRDA:27,2,5,222795
BRF:6
BRH:6
DA:1,1
DA:2,1
DA:3,1
DA:4,1
DA:5,1
DA:6,2
DA:7,180311
DA:8,1
DA:9,180311
DA:10,180311
DA:11,89613575
DA:12,134330207
DA:13,134330207
DA:14,1
DA:15,134330207
DA:16,134330207
DA:17,1
DA:18,134330207
DA:19,89613575
DA:20,111048209
DA:21,89613575
DA:22,1
DA:23,89613575
DA:24,133885635
DA:25,133885635
DA:26,1
DA:27,89613575
DA:28,180311
DA:29,1
DA:30,180311
DA:31,2
DA:32,1
DA:33,2
DA:34,1
LH:34
LF:34
end_of_record
SF:years/2025/09/2/solution/point-in-or-on-polygon/point-on-segment.js
FN:6,pointOnSegment
FNDA:132363240,pointOnSegment
FNF:1
FNH:1
BRDA:12,1,0,66229030
BRDA:13,1,1,276653
BRDA:14,1,2,170292
BRDA:16,1,3,132268420
BRDA:18,1,4,66134210
BRDA:19,1,5,275402
BRDA:20,1,6,185258
BRF:7
BRH:7
DA:1,1
DA:2,1
DA:3,1
DA:4,1
DA:5,1
DA:6,2
DA:7,132363242
DA:8,132363242
DA:9,1
DA:10,132363242
DA:11,132363242
DA:12,132363242
DA:13,132363242
DA:14,132363242
DA:15,132533534
DA:16,132363242
DA:17,264631662
DA:18,264631662
DA:19,264631662
DA:20,264631662
DA:21,264816920
DA:22,264631662
DA:23,132363242
DA:24,2
DA:25,1
DA:26,2
DA:27,1
LH:27
LF:27
end_of_record
SF:years/2025/09/_common/get-area.js
FN:10,getArea
FNDA:124337,getArea
FNF:1
FNH:1
BRF:0
BRH:0
DA:1,1
DA:2,1
DA:3,1
DA:4,1
DA:5,1
DA:6,1
DA:7,1
DA:8,1
DA:9,1
DA:10,4
DA:11,1
DA:12,4
DA:13,1
LH:13
LF:13
end_of_record
SF:years/2025/09/_common/tiles.js
FNF:0
FNH:0
BRF:0
BRH:0
DA:1,6
DA:2,1
DA:3,1
DA:4,1
DA:5,1
DA:6,1
DA:7,6
DA:8,1
DA:9,6
DA:10,6
DA:11,6
DA:12,6
DA:13,6
DA:14,1
DA:15,6
DA:16,1
LH:16
LF:16
end_of_record
SF:years/2025/10/1/solution.js
FN:16,pressButtons
FNDA:582874,pressButtons
FNF:1
FNH:1
BRDA:21,1,0,97435
BRDA:23,1,1,485439
BRDA:30,2,0,2176503
BRDA:30,2,1,2319599
BRDA:49,3,0,459
BRDA:55,3,1,97435
BRDA:62,3,2,171
BRDA:65,3,3,288
BRDA:66,3,4,0
BRF:9
BRH:8
DA:1,2
DA:2,2
DA:3,1
DA:4,2
DA:5,2
DA:6,2
DA:7,2
DA:8,1
DA:9,1
DA:10,1
DA:11,1
DA:12,1
DA:13,1
DA:14,1
DA:15,1
DA:16,2
DA:17,582876
DA:18,582876
DA:19,582876
DA:20,582876
DA:21,582876
DA:22,680311
DA:23,680311
DA:24,1
DA:25,1068315
DA:26,1
DA:27,1068315
DA:28,1068315
DA:29,1068315
DA:30,1068315
DA:31,1068315
DA:32,2
DA:33,1
DA:34,2
DA:35,2
DA:36,2
DA:37,173
DA:38,173
DA:39,173
DA:40,173
DA:41,173
DA:42,173
DA:43,173
DA:44,1
DA:45,173
DA:46,173
DA:47,173
DA:48,173
DA:49,173
DA:50,632
DA:51,632
DA:52,632
DA:53,632
DA:54,1
DA:55,632
DA:56,98067
DA:57,98067
DA:58,98067
DA:59,98067
DA:60,98067
DA:61,1
DA:62,98067
DA:63,98238
DA:64,98238
DA:65,98067
DA:66,920
DA:67,1
DA:68,0
DA:69,0
DA:70,2
DA:71,1
DA:72,2
DA:73,1
LH:71
LF:73
end_of_record
SF:years/2025/10/1/solution/_exports.js
FNF:0
FNH:0
BRF:0
BRH:0
DA:1,2
DA:2,2
DA:3,1
LH:3
LF:3
end_of_record
SF:years/2025/10/1/solution/are-arrays-equal.js
FN:6,areArraysEqual
FNDA:97435,areArraysEqual
FNF:1
FNH:1
BRDA:8,1,0,0
BRDA:11,1,1,194498
BRDA:12,1,2,97264
BRDA:15,1,3,171
BRF:4
BRH:3
DA:1,1
DA:2,1
DA:3,1
DA:4,1
DA:5,1
DA:6,2
DA:7,97437
DA:8,0
DA:9,0
DA:10,0
DA:11,97437
DA:12,291935
DA:13,389199
DA:14,389199
DA:15,291935
DA:16,97608
DA:17,1
DA:18,97608
DA:19,2
DA:20,1
DA:21,2
DA:22,1
LH:19
LF:22
end_of_record
SF:years/2025/10/1/solution/combine-with-repetitions.js
FN:9,combineWithRepetitions
FNDA:242266,combineWithRepetitions
FNF:1
FNH:1
BRDA:16,1,0,155768
BRDA:17,1,1,86498
BRF:2
BRH:2
DA:1,1
DA:2,1
DA:3,1
DA:4,1
DA:5,1
DA:6,1
DA:7,1
DA:8,1
DA:9,2
DA:10,242268
DA:11,242268
DA:12,242268
DA:13,242268
DA:14,242268
DA:15,242268
DA:16,242268
DA:17,242268
DA:18,328766
DA:19,328766
DA:20,570573
DA:21,570573
DA:22,570573
DA:23,570573
DA:24,328766
DA:25,2
DA:26,1
DA:27,2
DA:28,1
LH:28
LF:28
end_of_record
SF:years/2025/10/2/solution.js
FNF:0
FNH:0
BRF:0
BRH:0
DA:1,2
DA:2,2
DA:3,1
DA:4,2
DA:5,2
DA:6,2
DA:7,2
DA:8,1
DA:9,2
DA:10,2
DA:11,173
DA:12,173
DA:13,173
DA:14,173
DA:15,173
DA:16,173
DA:17,1
DA:18,173
DA:19,173
DA:20,173
DA:21,173
DA:22,173
DA:23,173
DA:24,173
DA:25,2
DA:26,2
DA:27,1
DA:28,2
DA:29,1
LH:29
LF:29
end_of_record
SF:years/2025/10/2/solution/_exports.js
FNF:0
FNH:0
BRF:0
BRH:0
DA:1,2
DA:2,2
DA:3,1
LH:3
LF:3
end_of_record
SF:years/2025/10/2/solution/build-matrix-and-bounds.js
FN:9,buildMatrixAndBounds
FNDA:171,buildMatrixAndBounds
FNF:1
FNH:1
BRDA:20,1,0,1226
BRDA:31,5,0,0
BRF:2
BRH:1
DA:1,2
DA:2,1
DA:3,1
DA:4,1
DA:5,1
DA:6,1
DA:7,1
DA:8,1
DA:9,2
DA:10,173
DA:11,173
DA:12,1
DA:13,173
DA:14,173
DA:15,173
DA:16,173
DA:17,1
DA:18,173
DA:19,1
DA:20,173
DA:21,1399
DA:22,1399
DA:23,1399
DA:24,1399
DA:25,1399
DA:26,1399
DA:27,1399
DA:28,1399
DA:29,1399
DA:30,1
DA:31,0
DA:32,1
DA:33,173
DA:34,173
DA:35,173
DA:36,173
DA:37,173
DA:38,173
DA:39,2
DA:40,1
DA:41,2
DA:42,1
LH:41
LF:42
end_of_record
SF:years/2025/10/2/solution/build-matrix-and-bounds/_exports.js
FNF:0
FNH:0
BRF:0
BRH:0
DA:1,2
DA:2,1
LH:2
LF:2
end_of_record
SF:years/2025/10/2/solution/build-matrix-and-bounds/process-wiring.js
FN:11,processWiring
FNDA:1226,processWiring
FNF:1
FNH:1
BRDA:19,1,0,0
BRDA:25,1,1,4756
BRDA:28,1,2,2464
BRF:3
BRH:2
DA:1,1
DA:2,1
DA:3,1
DA:4,1
DA:5,1
DA:6,1
DA:7,1
DA:8,1
DA:9,1
DA:10,1
DA:11,2
DA:12,1228
DA:13,1228
DA:14,1228
DA:15,1228
DA:16,1228
DA:17,1228
DA:18,1228
DA:19,0
DA:20,0
DA:21,1
DA:22,0
DA:23,0
DA:24,1
DA:25,1228
DA:26,5984
DA:27,5984
DA:28,5984
DA:29,8448
DA:30,8448
DA:31,5984
DA:32,5984
DA:33,2
DA:34,1
DA:35,2
DA:36,1
LH:32
LF:36
end_of_record
SF:years/2025/10/2/solution/solve-restricted-system.js
FN:16,solveRestrictedSystem
FNDA:171,solveRestrictedSystem
FNF:1
FNH:1
BRDA:34,1,0,0
BRDA:48,1,1,0
BRF:2
BRH:0
DA:1,2
DA:2,2
DA:3,2
DA:4,2
DA:5,2
DA:6,2
DA:7,1
DA:8,1
DA:9,1
DA:10,1
DA:11,1
DA:12,1
DA:13,1
DA:14,1
DA:15,1
DA:16,2
DA:17,173
DA:18,173
DA:19,173
DA:20,173
DA:21,173
DA:22,173
DA:23,173
DA:24,173
DA:25,1
DA:26,173
DA:27,173
DA:28,173
DA:29,173
DA:30,173
DA:31,1
DA:32,173
DA:33,1
DA:34,0
DA:35,0
DA:36,0
DA:37,1
DA:38,173
DA:39,173
DA:40,173
DA:41,173
DA:42,173
DA:43,173
DA:44,173
DA:45,173
DA:46,173
DA:47,1
DA:48,0
DA:49,2
DA:50,1
DA:51,2
DA:52,1
LH:48
LF:52
end_of_record
SF:years/2025/10/2/solution/solve-restricted-system/_common/_exports.js
FNF:0
FNH:0
BRF:0
BRH:0
DA:1,2
DA:2,2
DA:3,1
LH:3
LF:3
end_of_record
SF:years/2025/10/2/solution/solve-restricted-system/_common/almost-zero.js
FNF:0
FNH:0
BRF:0
BRH:0
DA:1,2
DA:2,1
DA:3,2
DA:4,1
LH:4
LF:4
end_of_record
SF:years/2025/10/2/solution/solve-restricted-system/_common/basically-zero.js
FNF:0
FNH:0
BRF:0
BRH:0
DA:1,2
DA:2,1
DA:3,2
DA:4,1
LH:4
LF:4
end_of_record
SF:years/2025/10/2/solution/solve-restricted-system/_exports.js
FNF:0
FNH:0
BRF:0
BRH:0
DA:1,2
DA:2,2
DA:3,2
DA:4,2
DA:5,1
LH:5
LF:5
end_of_record
SF:years/2025/10/2/solution/solve-restricted-system/gaussian-elimination.js
FN:15,gaussianElimination
FNDA:171,gaussianElimination
FNF:1
FNH:1
BRDA:23,1,0,1194
BRDA:25,1,1,1141
BRDA:28,1,2,52
BRDA:30,1,3,1089
BRF:4
BRH:4
DA:1,2
DA:2,2
DA:3,2
DA:4,2
DA:5,2
DA:6,1
DA:7,1
DA:8,1
DA:9,1
DA:10,1
DA:11,1
DA:12,1
DA:13,1
DA:14,1
DA:15,2
DA:16,173
DA:17,173
DA:18,173
DA:19,173
DA:20,1
DA:21,173
DA:22,173
DA:23,173
DA:24,173
DA:25,173
DA:26,1314
DA:27,1
DA:28,1314
DA:29,1366
DA:30,1366
DA:31,1
DA:32,2403
DA:33,2403
DA:34,1
DA:35,2403
DA:36,2403
DA:37,1
DA:38,2403
DA:39,2403
DA:40,2403
DA:41,2403
DA:42,1
DA:43,173
DA:44,173
DA:45,173
DA:46,173
DA:47,173
DA:48,2
DA:49,1
DA:50,2
DA:51,1
LH:51
LF:51
end_of_record
SF:years/2025/10/2/solution/solve-restricted-system/gaussian-elimination/_exports.js
FNF:0
FNH:0
BRF:0
BRH:0
DA:1,2
DA:2,2
DA:3,2
DA:4,1
LH:4
LF:4
end_of_record
SF:years/2025/10/2/solution/solve-restricted-system/gaussian-elimination/eliminate-column.js
FN:13,eliminateColumn
FNDA:1089,eliminateColumn
FNF:1
FNH:1
BRDA:14,1,0,8466
BRDA:15,1,1,1089
BRDA:17,1,2,7377
BRDA:20,1,3,3541
BRDA:22,1,4,3836
BRDA:23,1,5,18679
BRDA:25,1,6,3836
BRF:7
BRH:7
DA:1,2
DA:2,1
DA:3,1
DA:4,1
DA:5,1
DA:6,1
DA:7,1
DA:8,1
DA:9,1
DA:10,1
DA:11,1
DA:12,1
DA:13,2
DA:14,1091
DA:15,9557
DA:16,10646
DA:17,10646
DA:18,16934
DA:19,1
DA:20,9557
DA:21,13098
DA:22,13098
DA:23,9557
DA:24,28236
DA:25,28236
DA:26,13393
DA:27,13393
DA:28,2
DA:29,1
DA:30,2
DA:31,1
LH:31
LF:31
end_of_record
SF:years/2025/10/2/solution/solve-restricted-system/gaussian-elimination/find-pivot-row.js
FN:11,findPivotRow
FNDA:1141,findPivotRow
FNF:1
FNH:1
BRDA:15,1,0,1830
BRDA:17,1,1,741
BRF:2
BRH:2
DA:1,2
DA:2,1
DA:3,1
DA:4,1
DA:5,1
DA:6,1
DA:7,1
DA:8,1
DA:9,1
DA:10,1
DA:11,2
DA:12,1143
DA:13,1
DA:14,1143
DA:15,1143
DA:16,2973
DA:17,1143
DA:18,1884
DA:19,1884
DA:20,1
DA:21,1143
DA:22,2
DA:23,1
DA:24,2
DA:25,1
LH:25
LF:25
end_of_record
SF:years/2025/10/2/solution/solve-restricted-system/gaussian-elimination/normalize-pivot-row.js
FN:10,normalizePivotRow
FNDA:1089,normalizePivotRow
FNF:1
FNH:1
BRDA:13,1,0,5360
BRF:1
BRH:1
DA:1,1
DA:2,1
DA:3,1
DA:4,1
DA:5,1
DA:6,1
DA:7,1
DA:8,1
DA:9,1
DA:10,2
DA:11,1091
DA:12,1
DA:13,1091
DA:14,6451
DA:15,6451
DA:16,1091
DA:17,2
DA:18,1
DA:19,2
DA:20,1
LH:20
LF:20
end_of_record
SF:years/2025/10/2/solution/solve-restricted-system/identify-free-variables.js
FN:7,identifyFreeVariables
FNDA:171,identifyFreeVariables
FNF:1
FNH:1
BRDA:12,1,0,1226
BRDA:13,1,1,137
BRF:2
BRH:2
DA:1,1
DA:2,1
DA:3,1
DA:4,1
DA:5,1
DA:6,1
DA:7,2
DA:8,173
DA:9,173
DA:10,173
DA:11,1
DA:12,173
DA:13,1399
DA:14,1536
DA:15,1536
DA:16,1399
DA:17,1
DA:18,173
DA:19,2
DA:20,1
DA:21,2
DA:22,1
LH:22
LF:22
end_of_record
SF:years/2025/10/2/solution/solve-restricted-system/is-system-consistent.js
FN:10,isSystemConsistent
FNDA:171,isSystemConsistent
FNF:1
FNH:1
BRDA:11,1,0,130
BRDA:12,1,1,0
BRF:2
BRH:1
DA:1,2
DA:2,1
DA:3,1
DA:4,1
DA:5,1
DA:6,1
DA:7,1
DA:8,1
DA:9,1
DA:10,2
DA:11,173
DA:12,0
DA:13,0
DA:14,0
DA:15,303
DA:16,1
DA:17,173
DA:18,2
DA:19,1
DA:20,2
DA:21,1
LH:18
LF:21
end_of_record
SF:years/2025/10/2/solution/solve-restricted-system/search.js
FN:17,search
FNDA:796653,search
FNF:1
FNH:1
BRDA:32,1,0,36500
BRDA:37,1,1,760153
BRDA:39,1,2,746486
BRDA:52,1,3,657
BRDA:52,1,4,745829
BRDA:55,1,5,13667
BRDA:61,1,6,796482
BRDA:76,1,7,13667
BRF:8
BRH:8
DA:1,2
DA:2,1
DA:3,1
DA:4,1
DA:5,1
DA:6,1
DA:7,1
DA:8,1
DA:9,1
DA:10,1
DA:11,1
DA:12,1
DA:13,1
DA:14,1
DA:15,1
DA:16,1
DA:17,2
DA:18,796655
DA:19,796655
DA:20,796655
DA:21,796655
DA:22,796655
DA:23,796655
DA:24,796655
DA:25,796655
DA:26,796655
DA:27,796655
DA:28,796655
DA:29,796655
DA:30,796655
DA:31,1
DA:32,796655
DA:33,833155
DA:34,833155
DA:35,833155
DA:36,833155
DA:37,833155
DA:38,1
DA:39,796655
DA:40,1543141
DA:41,1543141
DA:42,1543141
DA:43,1543141
DA:44,1543141
DA:45,1543141
DA:46,1543141
DA:47,1543141
DA:48,1543141
DA:49,1543141
DA:50,1
DA:51,1543141
DA:52,1543141
DA:53,1543141
DA:54,1543141
DA:55,1543141
DA:56,1
DA:57,810322
DA:58,810322
DA:59,810322
DA:60,1
DA:61,796655
DA:62,1593137
DA:63,1593137
DA:64,1593137
DA:65,1593137
DA:66,1593137
DA:67,1593137
DA:68,1593137
DA:69,1593137
DA:70,1593137
DA:71,1593137
DA:72,1593137
DA:73,1593137
DA:74,1593137
DA:75,1593137
DA:76,1593137
DA:77,1
DA:78,810322
DA:79,810322
DA:80,810322
DA:81,810322
DA:82,2
DA:83,1
DA:84,2
DA:85,1
LH:85
LF:85
end_of_record
SF:years/2025/10/2/solution/solve-restricted-system/search/_exports.js
FNF:0
FNH:0
BRF:0
BRH:0
DA:1,2
DA:2,1
LH:2
LF:2
end_of_record
SF:years/2025/10/2/solution/solve-restricted-system/search/back-substitute.js
FN:19,backSubstitute
FNDA:746486,backSubstitute
FNF:1
FNH:1
BRDA:31,1,0,1084976
BRDA:34,1,1,0
BRDA:48,1,2,717192
BRDA:53,1,3,367784
BRDA:58,1,4,28637
BRDA:64,1,5,657
BRF:6
BRH:5
DA:1,2
DA:2,2
DA:3,2
DA:4,2
DA:5,1
DA:6,1
DA:7,1
DA:8,1
DA:9,1
DA:10,1
DA:11,1
DA:12,1
DA:13,1
DA:14,1
DA:15,1
DA:16,1
DA:17,1
DA:18,1
DA:19,2
DA:20,746488
DA:21,746488
DA:22,746488
DA:23,746488
DA:24,746488
DA:25,746488
DA:26,746488
DA:27,746488
DA:28,746488
DA:29,746488
DA:30,1
DA:31,746488
DA:32,1831464
DA:33,1
DA:34,0
DA:35,0
DA:36,0
DA:37,1
DA:38,1831464
DA:39,1831464
DA:40,1831464
DA:41,1831464
DA:42,1831464
DA:43,1831464
DA:44,1831464
DA:45,1
DA:46,1831464
DA:47,1
DA:48,1831464
DA:49,2548656
DA:50,2548656
DA:51,2548656
DA:52,2548656
DA:53,2548656
DA:54,1
DA:55,2199248
DA:56,2199248
DA:57,1
DA:58,1831464
DA:59,1860101
DA:60,1860101
DA:61,1860101
DA:62,1860101
DA:63,1860101
DA:64,1831464
DA:65,1
DA:66,747145
DA:67,747145
DA:68,747145
DA:69,747145
DA:70,2
DA:71,1
DA:72,2
DA:73,1
LH:70
LF:73
end_of_record
SF:years/2025/10/2/solution/solve-restricted-system/search/back-substitute/_exports.js
FNF:0
FNH:0
BRF:0
BRH:0
DA:1,2
DA:2,2
DA:3,1
LH:3
LF:3
end_of_record
SF:years/2025/10/2/solution/solve-restricted-system/search/back-substitute/compute-derived-value.js
FN:12,computeDerivedValue
FNDA:1084976,computeDerivedValue
FNF:1
FNH:1
BRDA:16,1,0,3288534
BRDA:17,1,1,2191813
BRF:2
BRH:2
DA:1,2
DA:2,1
DA:3,1
DA:4,1
DA:5,1
DA:6,1
DA:7,1
DA:8,1
DA:9,1
DA:10,1
DA:11,1
DA:12,2
DA:13,1084978
DA:14,1084978
DA:15,1
DA:16,1084978
DA:17,4373512
DA:18,6565325
DA:19,6565325
DA:20,4373512
DA:21,1
DA:22,1084978
DA:23,2
DA:24,1
DA:25,2
DA:26,1
LH:26
LF:26
end_of_record
SF:years/2025/10/2/solution/solve-restricted-system/search/back-substitute/validate-derived-value.js
FN:9,validateDerivedValue
FNDA:1084976,validateDerivedValue
FNF:1
FNH:1
BRDA:10,1,0,300181
BRDA:15,1,1,784795
BRDA:19,1,2,404757
BRDA:19,1,3,417011
BRDA:24,1,4,367784
BRF:5
BRH:5
DA:1,2
DA:2,1
DA:3,1
DA:4,1
DA:5,1
DA:6,1
DA:7,1
DA:8,1
DA:9,2
DA:10,1084978
DA:11,1385159
DA:12,1385159
DA:13,1385159
DA:14,1385159
DA:15,1385159
DA:16,1
DA:17,1869773
DA:18,1
DA:19,1084978
DA:20,1501989
DA:21,1501989
DA:22,1501989
DA:23,1501989
DA:24,1501989
DA:25,1
DA:26,1452762
DA:27,1452762
DA:28,1452762
DA:29,1452762
DA:30,2
DA:31,1
DA:32,2
DA:33,1
LH:33
LF:33
end_of_record
SF:years/2025/10/_common/machines.js
FNF:0
FNH:0
BRF:0
BRH:0
DA:1,6
DA:2,1
DA:3,6
DA:4,1
DA:5,6
DA:6,6
DA:7,6
DA:8,6
DA:9,348
DA:10,1
DA:11,348
DA:12,348
DA:13,348
DA:14,348
DA:15,348
DA:16,348
DA:17,348
DA:18,348
DA:19,348
DA:20,348
DA:21,348
DA:22,348
DA:23,6
DA:24,1
DA:25,6
DA:26,1
LH:26
LF:26
end_of_record
SF:years/2025/11/1/solution.js
FN:13,countPathsToOut
FNDA:1397,countPathsToOut
FNF:1
FNH:1
BRF:0
BRH:0
DA:1,2
DA:2,2
DA:3,1
DA:4,1
DA:5,1
DA:6,1
DA:7,1
DA:8,1
DA:9,1
DA:10,1
DA:11,1
DA:12,1
DA:13,2
DA:14,1399
DA:15,1399
DA:16,1399
DA:17,1399
DA:18,1399
DA:19,1399
DA:20,2795
DA:21,1
DA:22,2795
DA:23,1399
DA:24,1399
DA:25,2
DA:26,1
DA:27,2
DA:28,2
DA:29,2
DA:30,1
LH:30
LF:30
end_of_record
SF:years/2025/11/2/solution.js
FN:16,countPathsToOut
FNDA:1308,countPathsToOut
FNF:1
FNH:1
BRDA:22,1,0,152
BRDA:24,1,1,1156
BRDA:30,4,0,2037
BRDA:32,4,1,1307
BRF:4
BRH:4
DA:1,2
DA:2,2
DA:3,1
DA:4,1
DA:5,1
DA:6,1
DA:7,1
DA:8,2
DA:9,1
DA:10,1
DA:11,1
DA:12,1
DA:13,1
DA:14,1
DA:15,1
DA:16,2
DA:17,1310
DA:18,1310
DA:19,1310
DA:20,1310
DA:21,1310
DA:22,1310
DA:23,1462
DA:24,1310
DA:25,1310
DA:26,1310
DA:27,1310
DA:28,4654
DA:29,1
DA:30,4654
DA:31,6691
DA:32,6691
DA:33,1
DA:34,5961
DA:35,1
DA:36,5961
DA:37,5961
DA:38,5961
DA:39,5961
DA:40,1
DA:41,5961
DA:42,1
DA:43,5961
DA:44,1310
DA:45,1310
DA:46,2
DA:47,1
DA:48,2
DA:49,2
DA:50,2
DA:51,1
LH:51
LF:51
end_of_record
SF:years/2025/11/_common/devices.js
FNF:0
FNH:0
BRF:0
BRH:0
DA:1,6
DA:2,6
DA:3,1
DA:4,1
DA:5,1
DA:6,1
DA:7,1
DA:8,6
DA:9,1
DA:10,6
DA:11,6
DA:12,6
DA:13,6
DA:14,6
DA:15,1154
DA:16,1
DA:17,1154
DA:18,1154
DA:19,1154
DA:20,1154
DA:21,1154
DA:22,6
DA:23,6
DA:24,1
DA:25,6
DA:26,1
LH:26
LF:26
end_of_record
SF:years/2025/12/1/solution.js
FNF:0
FNH:0
BRF:0
BRH:0
DA:1,2
DA:2,1
DA:3,2
DA:4,1
DA:5,2
DA:6,2
DA:7,2
DA:8,2
DA:9,1
DA:10,2
DA:11,2
DA:12,1002
DA:13,1002
DA:14,1002
DA:15,1002
DA:16,1002
DA:17,1
DA:18,1002
DA:19,1002
DA:20,1002
DA:21,7002
DA:22,7002
DA:23,1002
DA:24,1002
DA:25,1
DA:26,1002
DA:27,2
DA:28,1
DA:29,2
DA:30,2
DA:31,1002
DA:32,1002
DA:33,1002
DA:34,1002
DA:35,1002
DA:36,1002
DA:37,1002
DA:38,1002
DA:39,1
DA:40,1002
DA:41,1002
DA:42,1002
DA:43,1002
DA:44,1002
DA:45,1002
DA:46,1002
DA:47,1002
DA:48,1
DA:49,1002
DA:50,2
DA:51,1
DA:52,2
DA:53,2
DA:54,2
DA:55,2
DA:56,2
DA:57,2
DA:58,1
LH:58
LF:58
end_of_record
SF:years/2025/12/1/solution/_exports.js
FNF:0
FNH:0
BRF:0
BRH:0
DA:1,2
DA:2,1
LH:2
LF:2
end_of_record
SF:years/2025/12/1/solution/summary.js
FNF:0
FNH:0
BRF:0
BRH:0
DA:1,3
DA:2,1
DA:3,3
DA:4,1
DA:5,3
DA:6,1
DA:7,3
DA:8,3
DA:9,3
DA:10,3
DA:11,9
DA:12,9
DA:13,9
DA:14,9
DA:15,27
DA:16,27
DA:17,9
DA:18,3
DA:19,3
DA:20,3
DA:21,3
DA:22,1003
DA:23,1
DA:24,1003
DA:25,1
DA:26,1003
DA:27,1003
DA:28,1003
DA:29,1003
DA:30,1003
DA:31,3
DA:32,3
DA:33,1
DA:34,3
DA:35,1
LH:35
LF:35
end_of_record
SF:years/2025/_common/calculate-product.js
FN:5,calculateProduct
FNDA:181277,calculateProduct
FNF:1
FNH:1
BRF:0
BRH:0
DA:1,1
DA:2,1
DA:3,1
DA:4,1
DA:5,12
DA:6,12
DA:7,1
DA:8,12
DA:9,1
LH:9
LF:9
end_of_record
SF:years/_common/calculate-sum.js
FN:4,calculateSum
FNDA:1761362,calculateSum
FNF:1
FNH:1
BRF:0
BRH:0
DA:1,1
DA:2,1
DA:3,1
DA:4,60
DA:5,1761422
DA:6,1761422
DA:7,60
DA:8,1
DA:9,60
DA:10,1
LH:10
LF:10
end_of_record
SF:years/_common/get-input.js
FN:27,getInput
FNDA:61,getInput
FNF:1
FNH:1
BRDA:35,1,0,0
BRF:1
BRH:0
DA:1,122
DA:2,122
DA:3,122
DA:4,122
DA:5,122
DA:6,1
DA:7,122
DA:8,122
DA:9,1
DA:10,122
DA:11,122
DA:12,122
DA:13,122
DA:14,122
DA:15,1
DA:16,122
DA:17,122
DA:18,122
DA:19,122
DA:20,1
DA:21,122
DA:22,1
DA:23,1
DA:24,1
DA:25,1
DA:26,1
DA:27,122
DA:28,183
DA:29,1
DA:30,1
DA:31,183
DA:32,1
DA:33,183
DA:34,183
DA:35,183
DA:36,1
DA:37,0
DA:38,1
DA:39,0
DA:40,0
DA:41,0
DA:42,0
DA:43,0
DA:44,0
DA:45,0
DA:46,0
DA:47,1
DA:48,0
DA:49,1
DA:50,0
DA:51,1
DA:52,0
DA:53,122
DA:54,1
DA:55,122
DA:56,1
LH:44
LF:56
end_of_record
SF:years/_common/permute.js
FN:6,permute
FNDA:33,permute
FNF:1
FNH:1
BRDA:8,1,0,4
BRDA:9,1,1,29
BRF:2
BRH:2
DA:1,1
DA:2,1
DA:3,1
DA:4,1
DA:5,1
DA:6,8
DA:7,41
DA:8,41
DA:9,41
DA:10,70
DA:11,64042
DA:12,64042
DA:13,547878
DA:14,547878
DA:15,547878
DA:16,547878
DA:17,547878
DA:18,64042
DA:19,64042
DA:20,70
DA:21,8
DA:22,1
DA:23,8
DA:24,1
LH:24
LF:24
end_of_record
SF:years/_common/readonly-map.js
FNF:0
FNH:0
BRF:0
BRH:0
DA:1,1
DA:2,1
DA:3,1
DA:4,1
DA:5,12
DA:6,1
DA:7,12
DA:8,1
LH:8
LF:8
end_of_record
SF:years/_common/transpose-matrix.js
FN:11,transposeMatrix
FNDA:3,transposeMatrix
FNF:1
FNH:1
BRF:0
BRH:0
DA:1,1
DA:2,1
DA:3,1
DA:4,1
DA:5,1
DA:6,1
DA:7,1
DA:8,1
DA:9,1
DA:10,1
DA:11,6
DA:12,9
DA:13,9
DA:14,3758
DA:15,3758
DA:16,9
DA:17,6
DA:18,1
DA:19,6
DA:20,1
LH:20
LF:20
end_of_record
